/home/kaymarrr/Carver_Simulation/install/modelo_robot/lib/python3.10/site-packages/modelo_robot/__init__.py
/home/kaymarrr/Carver_Simulation/install/modelo_robot/lib/python3.10/site-packages/modelo_robot/__pycache__/__init__.cpython-310.pyc
/home/kaymarrr/Carver_Simulation/install/modelo_robot/share/ament_index/resource_index/packages/modelo_robot
/home/kaymarrr/Carver_Simulation/install/modelo_robot/share/modelo_robot/package.xml
/home/kaymarrr/Carver_Simulation/install/modelo_robot/share/modelo_robot/urdf/Carver_Simulation.urdf
/home/kaymarrr/Carver_Simulation/install/modelo_robot/share/modelo_robot/launch/gazebo.launch.py
/home/kaymarrr/Carver_Simulation/install/modelo_robot/share/modelo_robot/launch/display.launch.py
/home/kaymarrr/Carver_Simulation/install/modelo_robot/share/modelo_robot/meshes/base_link.STL
/home/kaymarrr/Carver_Simulation/install/modelo_robot/share/modelo_robot/meshes/Right_Wheel.STL
/home/kaymarrr/Carver_Simulation/install/modelo_robot/share/modelo_robot/meshes/Left_Wheel.STL
/home/kaymarrr/Carver_Simulation/install/modelo_robot/share/modelo_robot/meshes/Caster.STL
/home/kaymarrr/Carver_Simulation/install/modelo_robot/share/modelo_robot/meshes/Hand.STL
/home/kaymarrr/Carver_Simulation/install/modelo_robot/share/modelo_robot/meshes/Front_Wheel.STL
/home/kaymarrr/Carver_Simulation/install/modelo_robot/lib/python3.10/site-packages/modelo_robot-0.0.0-py3.10.egg-info/requires.txt
/home/kaymarrr/Carver_Simulation/install/modelo_robot/lib/python3.10/site-packages/modelo_robot-0.0.0-py3.10.egg-info/top_level.txt
/home/kaymarrr/Carver_Simulation/install/modelo_robot/lib/python3.10/site-packages/modelo_robot-0.0.0-py3.10.egg-info/PKG-INFO
/home/kaymarrr/Carver_Simulation/install/modelo_robot/lib/python3.10/site-packages/modelo_robot-0.0.0-py3.10.egg-info/dependency_links.txt
/home/kaymarrr/Carver_Simulation/install/modelo_robot/lib/python3.10/site-packages/modelo_robot-0.0.0-py3.10.egg-info/SOURCES.txt
/home/kaymarrr/Carver_Simulation/install/modelo_robot/lib/python3.10/site-packages/modelo_robot-0.0.0-py3.10.egg-info/entry_points.txt
/home/kaymarrr/Carver_Simulation/install/modelo_robot/lib/python3.10/site-packages/modelo_robot-0.0.0-py3.10.egg-info/zip-safe
