[1.676s] DEBUG:colcon:Command line arguments: ['/usr/bin/colcon', 'build']
[1.676s] DEBUG:colcon:Parsed command line arguments: Namespace(log_base=None, log_level=None, verb_name='build', build_base='build', install_base='install', merge_install=False, symlink_install=False, test_result_base=None, continue_on_error=False, executor='parallel', parallel_workers=16, event_handlers=None, ignore_user_meta=False, metas=['./colcon.meta'], base_paths=['.'], packages_ignore=None, packages_ignore_regex=None, paths=None, packages_up_to=None, packages_up_to_regex=None, packages_above=None, packages_above_and_dependencies=None, packages_above_depth=None, packages_select_by_dep=None, packages_skip_by_dep=None, packages_skip_up_to=None, packages_select_build_failed=False, packages_skip_build_finished=False, packages_select_test_failures=False, packages_skip_test_passed=False, packages_select=None, packages_skip=None, packages_select_regex=None, packages_skip_regex=None, packages_start=None, packages_end=None, allow_overriding=[], cmake_args=None, cmake_target=None, cmake_target_skip_unavailable=False, cmake_clean_cache=False, cmake_clean_first=False, cmake_force_configure=False, ament_cmake_args=None, catkin_cmake_args=None, catkin_skip_building_tests=False, verb_parser=<colcon_defaults.argument_parser.defaults.DefaultArgumentsDecorator object at 0x7f3835880be0>, verb_extension=<colcon_core.verb.build.BuildVerb object at 0x7f3835867190>, main=<bound method BuildVerb.main of <colcon_core.verb.build.BuildVerb object at 0x7f3835867190>>)
[1.755s] Level 1:colcon.colcon_core.package_discovery:discover_packages(colcon_meta) check parameters
[1.756s] Level 1:colcon.colcon_core.package_discovery:discover_packages(recursive) check parameters
[1.756s] Level 1:colcon.colcon_core.package_discovery:discover_packages(ignore) check parameters
[1.756s] Level 1:colcon.colcon_core.package_discovery:discover_packages(path) check parameters
[1.756s] Level 1:colcon.colcon_core.package_discovery:discover_packages(colcon_meta) discover
[1.756s] Level 1:colcon.colcon_core.package_discovery:discover_packages(recursive) discover
[1.756s] INFO:colcon.colcon_core.package_discovery:Crawling recursively for packages in '/home/kaymarrr/Carver_Simulation'
[1.756s] Level 1:colcon.colcon_core.package_identification:_identify(.) by extensions ['ignore', 'ignore_ament_install']
[1.756s] Level 1:colcon.colcon_core.package_identification:_identify(.) by extension 'ignore'
[1.756s] Level 1:colcon.colcon_core.package_identification:_identify(.) by extension 'ignore_ament_install'
[1.756s] Level 1:colcon.colcon_core.package_identification:_identify(.) by extensions ['colcon_pkg']
[1.756s] Level 1:colcon.colcon_core.package_identification:_identify(.) by extension 'colcon_pkg'
[1.756s] Level 1:colcon.colcon_core.package_identification:_identify(.) by extensions ['colcon_meta']
[1.756s] Level 1:colcon.colcon_core.package_identification:_identify(.) by extension 'colcon_meta'
[1.756s] Level 1:colcon.colcon_core.package_identification:_identify(.) by extensions ['ros']
[1.756s] Level 1:colcon.colcon_core.package_identification:_identify(.) by extension 'ros'
[1.781s] Level 1:colcon.colcon_core.package_identification:_identify(.) by extensions ['cmake', 'python']
[1.781s] Level 1:colcon.colcon_core.package_identification:_identify(.) by extension 'cmake'
[1.781s] Level 1:colcon.colcon_core.package_identification:_identify(.) by extension 'python'
[1.781s] Level 1:colcon.colcon_core.package_identification:_identify(.) by extensions ['python_setup_py']
[1.781s] Level 1:colcon.colcon_core.package_identification:_identify(.) by extension 'python_setup_py'
[1.781s] Level 1:colcon.colcon_core.package_identification:_identify(build) by extensions ['ignore', 'ignore_ament_install']
[1.781s] Level 1:colcon.colcon_core.package_identification:_identify(build) by extension 'ignore'
[1.782s] Level 1:colcon.colcon_core.package_identification:_identify(build) ignored
[1.782s] Level 1:colcon.colcon_core.package_identification:_identify(install) by extensions ['ignore', 'ignore_ament_install']
[1.782s] Level 1:colcon.colcon_core.package_identification:_identify(install) by extension 'ignore'
[1.782s] Level 1:colcon.colcon_core.package_identification:_identify(install) ignored
[1.782s] Level 1:colcon.colcon_core.package_identification:_identify(log) by extensions ['ignore', 'ignore_ament_install']
[1.782s] Level 1:colcon.colcon_core.package_identification:_identify(log) by extension 'ignore'
[1.782s] Level 1:colcon.colcon_core.package_identification:_identify(log) ignored
[1.782s] Level 1:colcon.colcon_core.package_identification:_identify(src) by extensions ['ignore', 'ignore_ament_install']
[1.782s] Level 1:colcon.colcon_core.package_identification:_identify(src) by extension 'ignore'
[1.782s] Level 1:colcon.colcon_core.package_identification:_identify(src) by extension 'ignore_ament_install'
[1.782s] Level 1:colcon.colcon_core.package_identification:_identify(src) by extensions ['colcon_pkg']
[1.782s] Level 1:colcon.colcon_core.package_identification:_identify(src) by extension 'colcon_pkg'
[1.782s] Level 1:colcon.colcon_core.package_identification:_identify(src) by extensions ['colcon_meta']
[1.782s] Level 1:colcon.colcon_core.package_identification:_identify(src) by extension 'colcon_meta'
[1.782s] Level 1:colcon.colcon_core.package_identification:_identify(src) by extensions ['ros']
[1.782s] Level 1:colcon.colcon_core.package_identification:_identify(src) by extension 'ros'
[1.782s] Level 1:colcon.colcon_core.package_identification:_identify(src) by extensions ['cmake', 'python']
[1.782s] Level 1:colcon.colcon_core.package_identification:_identify(src) by extension 'cmake'
[1.782s] Level 1:colcon.colcon_core.package_identification:_identify(src) by extension 'python'
[1.782s] Level 1:colcon.colcon_core.package_identification:_identify(src) by extensions ['python_setup_py']
[1.782s] Level 1:colcon.colcon_core.package_identification:_identify(src) by extension 'python_setup_py'
[1.782s] Level 1:colcon.colcon_core.package_identification:_identify(src/modelo_robot) by extensions ['ignore', 'ignore_ament_install']
[1.782s] Level 1:colcon.colcon_core.package_identification:_identify(src/modelo_robot) by extension 'ignore'
[1.782s] Level 1:colcon.colcon_core.package_identification:_identify(src/modelo_robot) by extension 'ignore_ament_install'
[1.782s] Level 1:colcon.colcon_core.package_identification:_identify(src/modelo_robot) by extensions ['colcon_pkg']
[1.782s] Level 1:colcon.colcon_core.package_identification:_identify(src/modelo_robot) by extension 'colcon_pkg'
[1.782s] Level 1:colcon.colcon_core.package_identification:_identify(src/modelo_robot) by extensions ['colcon_meta']
[1.782s] Level 1:colcon.colcon_core.package_identification:_identify(src/modelo_robot) by extension 'colcon_meta'
[1.783s] Level 1:colcon.colcon_core.package_identification:_identify(src/modelo_robot) by extensions ['ros']
[1.783s] Level 1:colcon.colcon_core.package_identification:_identify(src/modelo_robot) by extension 'ros'
[1.784s] DEBUG:colcon.colcon_core.package_identification:Package 'src/modelo_robot' with type 'ros.ament_python' and name 'modelo_robot'
[1.784s] Level 1:colcon.colcon_core.package_discovery:discover_packages(recursive) using defaults
[1.784s] Level 1:colcon.colcon_core.package_discovery:discover_packages(ignore) discover
[1.784s] Level 1:colcon.colcon_core.package_discovery:discover_packages(ignore) using defaults
[1.784s] Level 1:colcon.colcon_core.package_discovery:discover_packages(path) discover
[1.784s] Level 1:colcon.colcon_core.package_discovery:discover_packages(path) using defaults
[1.944s] Level 1:colcon.colcon_core.package_discovery:discover_packages(prefix_path) check parameters
[1.944s] Level 1:colcon.colcon_core.package_discovery:discover_packages(prefix_path) discover
[1.970s] WARNING:colcon.colcon_core.prefix_path.colcon:The path '/home/kaymarrr/self_balancing/install' in the environment variable COLCON_PREFIX_PATH doesn't exist
[1.970s] WARNING:colcon.colcon_ros.prefix_path.ament:The path '/home/kaymarrr/self_balancing/install/self_balancing' in the environment variable AMENT_PREFIX_PATH doesn't exist
[1.976s] WARNING:colcon.colcon_ros.prefix_path.catkin:The path '/home/kaymarrr/self_balancing/install/self_balancing' in the environment variable CMAKE_PREFIX_PATH doesn't exist
[2.005s] DEBUG:colcon.colcon_installed_package_information.package_discovery:Found 1 installed packages in /home/kaymarrr/Carver_Simulation/install
[2.031s] DEBUG:colcon.colcon_installed_package_information.package_discovery:Found 2 installed packages in /home/kaymarrr/Carver_ws/install
[2.056s] DEBUG:colcon.colcon_installed_package_information.package_discovery:Found 1 installed packages in /home/kaymarrr/mini_carver/install
[2.082s] DEBUG:colcon.colcon_installed_package_information.package_discovery:Found 6 installed packages in /home/kaymarrr/turtle_ws/install
[2.122s] DEBUG:colcon.colcon_installed_package_information.package_discovery:Found 4 installed packages in /home/kaymarrr/turtle_exam_ws/install
[2.147s] DEBUG:colcon.colcon_installed_package_information.package_discovery:Found 1 installed packages in /home/kaymarrr/dev_ws/install
[2.172s] DEBUG:colcon.colcon_installed_package_information.package_discovery:Found 4 installed packages in /home/kaymarrr/FourTurtleSim_ws/install
[2.198s] DEBUG:colcon.colcon_installed_package_information.package_discovery:Found 2 installed packages in /home/kaymarrr/simulation_solution_ws/install
[2.223s] DEBUG:colcon.colcon_installed_package_information.package_discovery:Found 1 installed packages in /home/kaymarrr/simulation_exercise_ws/install
[2.248s] DEBUG:colcon.colcon_installed_package_information.package_discovery:Found 3 installed packages in /home/kaymarrr/simulation_noob_ws/install
[2.273s] DEBUG:colcon.colcon_installed_package_information.package_discovery:Found 1 installed packages in /home/kaymarrr/modelling_solution_ws/install
[2.299s] DEBUG:colcon.colcon_installed_package_information.package_discovery:Found 1 installed packages in /home/kaymarrr/modelling_exercise_ws/install
[2.330s] DEBUG:colcon.colcon_installed_package_information.package_discovery:Found 344 installed packages in /home/kaymarrr/ros2_humble/install
[2.357s] DEBUG:colcon.colcon_installed_package_information.package_discovery:Found 0 installed packages in /home/kaymarrr/fra501_ws/install
[2.382s] DEBUG:colcon.colcon_installed_package_information.package_discovery:Found 0 installed packages in /home/kaymarrr/carver_ws/install
[2.423s] DEBUG:colcon.colcon_installed_package_information.package_discovery:Found 306 installed packages in /opt/ros/humble
[2.431s] Level 1:colcon.colcon_core.package_discovery:discover_packages(prefix_path) using defaults
[2.548s] Level 5:colcon.colcon_core.verb:set package 'modelo_robot' build argument 'cmake_args' from command line to 'None'
[2.548s] Level 5:colcon.colcon_core.verb:set package 'modelo_robot' build argument 'cmake_target' from command line to 'None'
[2.548s] Level 5:colcon.colcon_core.verb:set package 'modelo_robot' build argument 'cmake_target_skip_unavailable' from command line to 'False'
[2.548s] Level 5:colcon.colcon_core.verb:set package 'modelo_robot' build argument 'cmake_clean_cache' from command line to 'False'
[2.548s] Level 5:colcon.colcon_core.verb:set package 'modelo_robot' build argument 'cmake_clean_first' from command line to 'False'
[2.548s] Level 5:colcon.colcon_core.verb:set package 'modelo_robot' build argument 'cmake_force_configure' from command line to 'False'
[2.548s] Level 5:colcon.colcon_core.verb:set package 'modelo_robot' build argument 'ament_cmake_args' from command line to 'None'
[2.548s] Level 5:colcon.colcon_core.verb:set package 'modelo_robot' build argument 'catkin_cmake_args' from command line to 'None'
[2.548s] Level 5:colcon.colcon_core.verb:set package 'modelo_robot' build argument 'catkin_skip_building_tests' from command line to 'False'
[2.548s] DEBUG:colcon.colcon_core.verb:Building package 'modelo_robot' with the following arguments: {'ament_cmake_args': None, 'build_base': '/home/kaymarrr/Carver_Simulation/build/modelo_robot', 'catkin_cmake_args': None, 'catkin_skip_building_tests': False, 'cmake_args': None, 'cmake_clean_cache': False, 'cmake_clean_first': False, 'cmake_force_configure': False, 'cmake_target': None, 'cmake_target_skip_unavailable': False, 'install_base': '/home/kaymarrr/Carver_Simulation/install/modelo_robot', 'merge_install': False, 'path': '/home/kaymarrr/Carver_Simulation/src/modelo_robot', 'symlink_install': False, 'test_result_base': None}
[2.573s] INFO:colcon.colcon_core.executor:Executing jobs using 'parallel' executor
[2.598s] DEBUG:colcon.colcon_parallel_executor.executor.parallel:run_until_complete
[2.598s] INFO:colcon.colcon_ros.task.ament_python.build:Building ROS package in '/home/kaymarrr/Carver_Simulation/src/modelo_robot' with build type 'ament_python'
[2.598s] Level 1:colcon.colcon_core.shell:create_environment_hook('modelo_robot', 'ament_prefix_path')
[2.629s] INFO:colcon.colcon_core.plugin_system:Skipping extension 'colcon_core.shell.bat': Not used on non-Windows systems
[2.629s] INFO:colcon.colcon_core.shell:Creating environment hook '/home/kaymarrr/Carver_Simulation/install/modelo_robot/share/modelo_robot/hook/ament_prefix_path.ps1'
[2.630s] INFO:colcon.colcon_core.shell:Creating environment descriptor '/home/kaymarrr/Carver_Simulation/install/modelo_robot/share/modelo_robot/hook/ament_prefix_path.dsv'
[2.630s] INFO:colcon.colcon_core.shell:Creating environment hook '/home/kaymarrr/Carver_Simulation/install/modelo_robot/share/modelo_robot/hook/ament_prefix_path.sh'
[2.657s] INFO:colcon.colcon_core.shell:Skip shell extension 'powershell' for command environment: Not usable outside of PowerShell
[2.657s] DEBUG:colcon.colcon_core.shell:Skip shell extension 'dsv' for command environment
[3.560s] INFO:colcon.colcon_core.task.python.build:Building Python package in '/home/kaymarrr/Carver_Simulation/src/modelo_robot'
[3.582s] INFO:colcon.colcon_core.shell:Skip shell extension 'powershell' for command environment: Not usable outside of PowerShell
[3.583s] DEBUG:colcon.colcon_core.shell:Skip shell extension 'dsv' for command environment
[4.623s] DEBUG:colcon.colcon_core.event_handler.log_command:Invoking command in '/home/kaymarrr/Carver_Simulation/src/modelo_robot': PYTHONPATH=/home/kaymarrr/Carver_Simulation/build/modelo_robot/prefix_override:/home/kaymarrr/Carver_Simulation/install/modelo_robot/lib/python3.10/site-packages:${PYTHONPATH} /usr/bin/python3 setup.py egg_info --egg-base ../../build/modelo_robot build --build-base /home/kaymarrr/Carver_Simulation/build/modelo_robot/build install --record /home/kaymarrr/Carver_Simulation/build/modelo_robot/install.log --single-version-externally-managed
[5.065s] DEBUG:colcon.colcon_core.event_handler.log_command:Invoked command in '/home/kaymarrr/Carver_Simulation/src/modelo_robot' returned '0': PYTHONPATH=/home/kaymarrr/Carver_Simulation/build/modelo_robot/prefix_override:/home/kaymarrr/Carver_Simulation/install/modelo_robot/lib/python3.10/site-packages:${PYTHONPATH} /usr/bin/python3 setup.py egg_info --egg-base ../../build/modelo_robot build --build-base /home/kaymarrr/Carver_Simulation/build/modelo_robot/build install --record /home/kaymarrr/Carver_Simulation/build/modelo_robot/install.log --single-version-externally-managed
[5.114s] Level 1:colcon.colcon_core.environment:checking '/home/kaymarrr/Carver_Simulation/install/modelo_robot' for CMake module files
[5.114s] Level 1:colcon.colcon_core.environment:checking '/home/kaymarrr/Carver_Simulation/install/modelo_robot' for CMake config files
[5.115s] Level 1:colcon.colcon_core.environment:checking '/home/kaymarrr/Carver_Simulation/install/modelo_robot/lib'
[5.115s] Level 1:colcon.colcon_core.environment:checking '/home/kaymarrr/Carver_Simulation/install/modelo_robot/bin'
[5.115s] Level 1:colcon.colcon_core.environment:checking '/home/kaymarrr/Carver_Simulation/install/modelo_robot/lib/pkgconfig/modelo_robot.pc'
[5.115s] Level 1:colcon.colcon_core.environment:checking '/home/kaymarrr/Carver_Simulation/install/modelo_robot/lib/python3.10/site-packages'
[5.115s] Level 1:colcon.colcon_core.shell:create_environment_hook('modelo_robot', 'pythonpath')
[5.136s] INFO:colcon.colcon_core.shell:Creating environment hook '/home/kaymarrr/Carver_Simulation/install/modelo_robot/share/modelo_robot/hook/pythonpath.ps1'
[5.136s] INFO:colcon.colcon_core.shell:Creating environment descriptor '/home/kaymarrr/Carver_Simulation/install/modelo_robot/share/modelo_robot/hook/pythonpath.dsv'
[5.136s] INFO:colcon.colcon_core.shell:Creating environment hook '/home/kaymarrr/Carver_Simulation/install/modelo_robot/share/modelo_robot/hook/pythonpath.sh'
[5.137s] Level 1:colcon.colcon_core.environment:checking '/home/kaymarrr/Carver_Simulation/install/modelo_robot/bin'
[5.137s] Level 1:colcon.colcon_core.environment:create_environment_scripts_only(modelo_robot)
[5.161s] INFO:colcon.colcon_core.shell:Creating package script '/home/kaymarrr/Carver_Simulation/install/modelo_robot/share/modelo_robot/package.ps1'
[5.162s] INFO:colcon.colcon_core.shell:Creating package descriptor '/home/kaymarrr/Carver_Simulation/install/modelo_robot/share/modelo_robot/package.dsv'
[5.162s] INFO:colcon.colcon_core.shell:Creating package script '/home/kaymarrr/Carver_Simulation/install/modelo_robot/share/modelo_robot/package.sh'
[5.163s] INFO:colcon.colcon_core.shell:Creating package script '/home/kaymarrr/Carver_Simulation/install/modelo_robot/share/modelo_robot/package.bash'
[5.163s] INFO:colcon.colcon_core.shell:Creating package script '/home/kaymarrr/Carver_Simulation/install/modelo_robot/share/modelo_robot/package.zsh'
[5.164s] Level 1:colcon.colcon_core.environment:create_file_with_runtime_dependencies(/home/kaymarrr/Carver_Simulation/install/modelo_robot/share/colcon-core/packages/modelo_robot)
[5.164s] DEBUG:colcon.colcon_parallel_executor.executor.parallel:closing loop
[5.164s] DEBUG:colcon.colcon_parallel_executor.executor.parallel:loop closed
[5.164s] DEBUG:colcon.colcon_parallel_executor.executor.parallel:run_until_complete finished with '0'
[5.164s] DEBUG:colcon.colcon_core.event_reactor:joining thread
[5.217s] INFO:colcon.colcon_core.plugin_system:Skipping extension 'colcon_notification.desktop_notification.terminal_notifier': Not used on non-Darwin systems
[5.217s] INFO:colcon.colcon_core.plugin_system:Skipping extension 'colcon_notification.desktop_notification.win32': Not used on non-Windows systems
[5.217s] INFO:colcon.colcon_notification.desktop_notification:Sending desktop notification using 'notify2'
[5.226s] DEBUG:colcon.colcon_core.event_reactor:joined thread
[5.250s] INFO:colcon.colcon_core.shell:Creating prefix script '/home/kaymarrr/Carver_Simulation/install/local_setup.ps1'
[5.251s] INFO:colcon.colcon_core.shell:Creating prefix util module '/home/kaymarrr/Carver_Simulation/install/_local_setup_util_ps1.py'
[5.252s] INFO:colcon.colcon_core.shell:Creating prefix chain script '/home/kaymarrr/Carver_Simulation/install/setup.ps1'
[5.278s] INFO:colcon.colcon_core.shell:Creating prefix script '/home/kaymarrr/Carver_Simulation/install/local_setup.sh'
[5.279s] INFO:colcon.colcon_core.shell:Creating prefix util module '/home/kaymarrr/Carver_Simulation/install/_local_setup_util_sh.py'
[5.279s] INFO:colcon.colcon_core.shell:Creating prefix chain script '/home/kaymarrr/Carver_Simulation/install/setup.sh'
[5.307s] INFO:colcon.colcon_core.shell:Creating prefix script '/home/kaymarrr/Carver_Simulation/install/local_setup.bash'
[5.307s] INFO:colcon.colcon_core.shell:Creating prefix chain script '/home/kaymarrr/Carver_Simulation/install/setup.bash'
[5.334s] INFO:colcon.colcon_core.shell:Creating prefix script '/home/kaymarrr/Carver_Simulation/install/local_setup.zsh'
[5.335s] INFO:colcon.colcon_core.shell:Creating prefix chain script '/home/kaymarrr/Carver_Simulation/install/setup.zsh'
