[1.719s] DEBUG:colcon:Command line arguments: ['/usr/bin/colcon', 'build']
[1.719s] DEBUG:colcon:Parsed command line arguments: Namespace(log_base=None, log_level=None, verb_name='build', build_base='build', install_base='install', merge_install=False, symlink_install=False, test_result_base=None, continue_on_error=False, executor='parallel', parallel_workers=16, event_handlers=None, ignore_user_meta=False, metas=['./colcon.meta'], base_paths=['.'], packages_ignore=None, packages_ignore_regex=None, paths=None, packages_up_to=None, packages_up_to_regex=None, packages_above=None, packages_above_and_dependencies=None, packages_above_depth=None, packages_select_by_dep=None, packages_skip_by_dep=None, packages_skip_up_to=None, packages_select_build_failed=False, packages_skip_build_finished=False, packages_select_test_failures=False, packages_skip_test_passed=False, packages_select=None, packages_skip=None, packages_select_regex=None, packages_skip_regex=None, packages_start=None, packages_end=None, allow_overriding=[], cmake_args=None, cmake_target=None, cmake_target_skip_unavailable=False, cmake_clean_cache=False, cmake_clean_first=False, cmake_force_configure=False, ament_cmake_args=None, catkin_cmake_args=None, catkin_skip_building_tests=False, verb_parser=<colcon_defaults.argument_parser.defaults.DefaultArgumentsDecorator object at 0x7f6ed6be4a30>, verb_extension=<colcon_core.verb.build.BuildVerb object at 0x7f6ed6277c10>, main=<bound method BuildVerb.main of <colcon_core.verb.build.BuildVerb object at 0x7f6ed6277c10>>)
[1.800s] Level 1:colcon.colcon_core.package_discovery:discover_packages(colcon_meta) check parameters
[1.800s] Level 1:colcon.colcon_core.package_discovery:discover_packages(recursive) check parameters
[1.800s] Level 1:colcon.colcon_core.package_discovery:discover_packages(ignore) check parameters
[1.800s] Level 1:colcon.colcon_core.package_discovery:discover_packages(path) check parameters
[1.800s] Level 1:colcon.colcon_core.package_discovery:discover_packages(colcon_meta) discover
[1.800s] Level 1:colcon.colcon_core.package_discovery:discover_packages(recursive) discover
[1.800s] INFO:colcon.colcon_core.package_discovery:Crawling recursively for packages in '/home/kaymarrr/Carver_Simulation'
[1.800s] Level 1:colcon.colcon_core.package_identification:_identify(.) by extensions ['ignore', 'ignore_ament_install']
[1.800s] Level 1:colcon.colcon_core.package_identification:_identify(.) by extension 'ignore'
[1.800s] Level 1:colcon.colcon_core.package_identification:_identify(.) by extension 'ignore_ament_install'
[1.800s] Level 1:colcon.colcon_core.package_identification:_identify(.) by extensions ['colcon_pkg']
[1.800s] Level 1:colcon.colcon_core.package_identification:_identify(.) by extension 'colcon_pkg'
[1.800s] Level 1:colcon.colcon_core.package_identification:_identify(.) by extensions ['colcon_meta']
[1.800s] Level 1:colcon.colcon_core.package_identification:_identify(.) by extension 'colcon_meta'
[1.800s] Level 1:colcon.colcon_core.package_identification:_identify(.) by extensions ['ros']
[1.800s] Level 1:colcon.colcon_core.package_identification:_identify(.) by extension 'ros'
[1.826s] Level 1:colcon.colcon_core.package_identification:_identify(.) by extensions ['cmake', 'python']
[1.826s] Level 1:colcon.colcon_core.package_identification:_identify(.) by extension 'cmake'
[1.826s] Level 1:colcon.colcon_core.package_identification:_identify(.) by extension 'python'
[1.826s] Level 1:colcon.colcon_core.package_identification:_identify(.) by extensions ['python_setup_py']
[1.826s] Level 1:colcon.colcon_core.package_identification:_identify(.) by extension 'python_setup_py'
[1.826s] Level 1:colcon.colcon_core.package_identification:_identify(build) by extensions ['ignore', 'ignore_ament_install']
[1.826s] Level 1:colcon.colcon_core.package_identification:_identify(build) by extension 'ignore'
[1.826s] Level 1:colcon.colcon_core.package_identification:_identify(build) ignored
[1.826s] Level 1:colcon.colcon_core.package_identification:_identify(install) by extensions ['ignore', 'ignore_ament_install']
[1.827s] Level 1:colcon.colcon_core.package_identification:_identify(install) by extension 'ignore'
[1.827s] Level 1:colcon.colcon_core.package_identification:_identify(install) ignored
[1.827s] Level 1:colcon.colcon_core.package_identification:_identify(log) by extensions ['ignore', 'ignore_ament_install']
[1.827s] Level 1:colcon.colcon_core.package_identification:_identify(log) by extension 'ignore'
[1.827s] Level 1:colcon.colcon_core.package_identification:_identify(log) ignored
[1.827s] Level 1:colcon.colcon_core.package_identification:_identify(src) by extensions ['ignore', 'ignore_ament_install']
[1.827s] Level 1:colcon.colcon_core.package_identification:_identify(src) by extension 'ignore'
[1.827s] Level 1:colcon.colcon_core.package_identification:_identify(src) by extension 'ignore_ament_install'
[1.827s] Level 1:colcon.colcon_core.package_identification:_identify(src) by extensions ['colcon_pkg']
[1.827s] Level 1:colcon.colcon_core.package_identification:_identify(src) by extension 'colcon_pkg'
[1.827s] Level 1:colcon.colcon_core.package_identification:_identify(src) by extensions ['colcon_meta']
[1.827s] Level 1:colcon.colcon_core.package_identification:_identify(src) by extension 'colcon_meta'
[1.827s] Level 1:colcon.colcon_core.package_identification:_identify(src) by extensions ['ros']
[1.827s] Level 1:colcon.colcon_core.package_identification:_identify(src) by extension 'ros'
[1.827s] Level 1:colcon.colcon_core.package_identification:_identify(src) by extensions ['cmake', 'python']
[1.827s] Level 1:colcon.colcon_core.package_identification:_identify(src) by extension 'cmake'
[1.827s] Level 1:colcon.colcon_core.package_identification:_identify(src) by extension 'python'
[1.827s] Level 1:colcon.colcon_core.package_identification:_identify(src) by extensions ['python_setup_py']
[1.827s] Level 1:colcon.colcon_core.package_identification:_identify(src) by extension 'python_setup_py'
[1.827s] Level 1:colcon.colcon_core.package_identification:_identify(src/modelo_robot) by extensions ['ignore', 'ignore_ament_install']
[1.827s] Level 1:colcon.colcon_core.package_identification:_identify(src/modelo_robot) by extension 'ignore'
[1.827s] Level 1:colcon.colcon_core.package_identification:_identify(src/modelo_robot) by extension 'ignore_ament_install'
[1.827s] Level 1:colcon.colcon_core.package_identification:_identify(src/modelo_robot) by extensions ['colcon_pkg']
[1.827s] Level 1:colcon.colcon_core.package_identification:_identify(src/modelo_robot) by extension 'colcon_pkg'
[1.827s] Level 1:colcon.colcon_core.package_identification:_identify(src/modelo_robot) by extensions ['colcon_meta']
[1.827s] Level 1:colcon.colcon_core.package_identification:_identify(src/modelo_robot) by extension 'colcon_meta'
[1.827s] Level 1:colcon.colcon_core.package_identification:_identify(src/modelo_robot) by extensions ['ros']
[1.827s] Level 1:colcon.colcon_core.package_identification:_identify(src/modelo_robot) by extension 'ros'
[1.829s] DEBUG:colcon.colcon_core.package_identification:Package 'src/modelo_robot' with type 'ros.ament_python' and name 'modelo_robot'
[1.829s] Level 1:colcon.colcon_core.package_discovery:discover_packages(recursive) using defaults
[1.829s] Level 1:colcon.colcon_core.package_discovery:discover_packages(ignore) discover
[1.829s] Level 1:colcon.colcon_core.package_discovery:discover_packages(ignore) using defaults
[1.829s] Level 1:colcon.colcon_core.package_discovery:discover_packages(path) discover
[1.829s] Level 1:colcon.colcon_core.package_discovery:discover_packages(path) using defaults
[1.990s] Level 1:colcon.colcon_core.package_discovery:discover_packages(prefix_path) check parameters
[1.990s] Level 1:colcon.colcon_core.package_discovery:discover_packages(prefix_path) discover
[2.016s] WARNING:colcon.colcon_core.prefix_path.colcon:The path '/home/kaymarrr/self_balancing/install' in the environment variable COLCON_PREFIX_PATH doesn't exist
[2.016s] WARNING:colcon.colcon_ros.prefix_path.ament:The path '/home/kaymarrr/self_balancing/install/self_balancing' in the environment variable AMENT_PREFIX_PATH doesn't exist
[2.022s] WARNING:colcon.colcon_ros.prefix_path.catkin:The path '/home/kaymarrr/self_balancing/install/self_balancing' in the environment variable CMAKE_PREFIX_PATH doesn't exist
[2.050s] DEBUG:colcon.colcon_installed_package_information.package_discovery:Found 1 installed packages in /home/kaymarrr/Carver_Simulation/install
[2.077s] DEBUG:colcon.colcon_installed_package_information.package_discovery:Found 2 installed packages in /home/kaymarrr/Carver_ws/install
[2.102s] DEBUG:colcon.colcon_installed_package_information.package_discovery:Found 1 installed packages in /home/kaymarrr/mini_carver/install
[2.128s] DEBUG:colcon.colcon_installed_package_information.package_discovery:Found 6 installed packages in /home/kaymarrr/turtle_ws/install
[2.169s] DEBUG:colcon.colcon_installed_package_information.package_discovery:Found 4 installed packages in /home/kaymarrr/turtle_exam_ws/install
[2.195s] DEBUG:colcon.colcon_installed_package_information.package_discovery:Found 1 installed packages in /home/kaymarrr/dev_ws/install
[2.221s] DEBUG:colcon.colcon_installed_package_information.package_discovery:Found 4 installed packages in /home/kaymarrr/FourTurtleSim_ws/install
[2.246s] DEBUG:colcon.colcon_installed_package_information.package_discovery:Found 2 installed packages in /home/kaymarrr/simulation_solution_ws/install
[2.273s] DEBUG:colcon.colcon_installed_package_information.package_discovery:Found 1 installed packages in /home/kaymarrr/simulation_exercise_ws/install
[2.299s] DEBUG:colcon.colcon_installed_package_information.package_discovery:Found 3 installed packages in /home/kaymarrr/simulation_noob_ws/install
[2.324s] DEBUG:colcon.colcon_installed_package_information.package_discovery:Found 1 installed packages in /home/kaymarrr/modelling_solution_ws/install
[2.350s] DEBUG:colcon.colcon_installed_package_information.package_discovery:Found 1 installed packages in /home/kaymarrr/modelling_exercise_ws/install
[2.382s] DEBUG:colcon.colcon_installed_package_information.package_discovery:Found 344 installed packages in /home/kaymarrr/ros2_humble/install
[2.410s] DEBUG:colcon.colcon_installed_package_information.package_discovery:Found 0 installed packages in /home/kaymarrr/fra501_ws/install
[2.436s] DEBUG:colcon.colcon_installed_package_information.package_discovery:Found 0 installed packages in /home/kaymarrr/carver_ws/install
[2.478s] DEBUG:colcon.colcon_installed_package_information.package_discovery:Found 306 installed packages in /opt/ros/humble
[2.486s] Level 1:colcon.colcon_core.package_discovery:discover_packages(prefix_path) using defaults
[2.606s] Level 5:colcon.colcon_core.verb:set package 'modelo_robot' build argument 'cmake_args' from command line to 'None'
[2.606s] Level 5:colcon.colcon_core.verb:set package 'modelo_robot' build argument 'cmake_target' from command line to 'None'
[2.606s] Level 5:colcon.colcon_core.verb:set package 'modelo_robot' build argument 'cmake_target_skip_unavailable' from command line to 'False'
[2.606s] Level 5:colcon.colcon_core.verb:set package 'modelo_robot' build argument 'cmake_clean_cache' from command line to 'False'
[2.606s] Level 5:colcon.colcon_core.verb:set package 'modelo_robot' build argument 'cmake_clean_first' from command line to 'False'
[2.606s] Level 5:colcon.colcon_core.verb:set package 'modelo_robot' build argument 'cmake_force_configure' from command line to 'False'
[2.607s] Level 5:colcon.colcon_core.verb:set package 'modelo_robot' build argument 'ament_cmake_args' from command line to 'None'
[2.607s] Level 5:colcon.colcon_core.verb:set package 'modelo_robot' build argument 'catkin_cmake_args' from command line to 'None'
[2.607s] Level 5:colcon.colcon_core.verb:set package 'modelo_robot' build argument 'catkin_skip_building_tests' from command line to 'False'
[2.607s] DEBUG:colcon.colcon_core.verb:Building package 'modelo_robot' with the following arguments: {'ament_cmake_args': None, 'build_base': '/home/kaymarrr/Carver_Simulation/build/modelo_robot', 'catkin_cmake_args': None, 'catkin_skip_building_tests': False, 'cmake_args': None, 'cmake_clean_cache': False, 'cmake_clean_first': False, 'cmake_force_configure': False, 'cmake_target': None, 'cmake_target_skip_unavailable': False, 'install_base': '/home/kaymarrr/Carver_Simulation/install/modelo_robot', 'merge_install': False, 'path': '/home/kaymarrr/Carver_Simulation/src/modelo_robot', 'symlink_install': False, 'test_result_base': None}
[2.632s] INFO:colcon.colcon_core.executor:Executing jobs using 'parallel' executor
[2.658s] DEBUG:colcon.colcon_parallel_executor.executor.parallel:run_until_complete
[2.658s] INFO:colcon.colcon_ros.task.ament_python.build:Building ROS package in '/home/kaymarrr/Carver_Simulation/src/modelo_robot' with build type 'ament_python'
[2.658s] Level 1:colcon.colcon_core.shell:create_environment_hook('modelo_robot', 'ament_prefix_path')
[2.690s] INFO:colcon.colcon_core.plugin_system:Skipping extension 'colcon_core.shell.bat': Not used on non-Windows systems
[2.690s] INFO:colcon.colcon_core.shell:Creating environment hook '/home/kaymarrr/Carver_Simulation/install/modelo_robot/share/modelo_robot/hook/ament_prefix_path.ps1'
[2.691s] INFO:colcon.colcon_core.shell:Creating environment descriptor '/home/kaymarrr/Carver_Simulation/install/modelo_robot/share/modelo_robot/hook/ament_prefix_path.dsv'
[2.691s] INFO:colcon.colcon_core.shell:Creating environment hook '/home/kaymarrr/Carver_Simulation/install/modelo_robot/share/modelo_robot/hook/ament_prefix_path.sh'
[2.719s] INFO:colcon.colcon_core.shell:Skip shell extension 'powershell' for command environment: Not usable outside of PowerShell
[2.719s] DEBUG:colcon.colcon_core.shell:Skip shell extension 'dsv' for command environment
[3.591s] INFO:colcon.colcon_core.task.python.build:Building Python package in '/home/kaymarrr/Carver_Simulation/src/modelo_robot'
[3.613s] INFO:colcon.colcon_core.shell:Skip shell extension 'powershell' for command environment: Not usable outside of PowerShell
[3.613s] DEBUG:colcon.colcon_core.shell:Skip shell extension 'dsv' for command environment
[4.601s] DEBUG:colcon.colcon_core.event_handler.log_command:Invoking command in '/home/kaymarrr/Carver_Simulation/src/modelo_robot': PYTHONPATH=/home/kaymarrr/Carver_Simulation/build/modelo_robot/prefix_override:/home/kaymarrr/Carver_Simulation/install/modelo_robot/lib/python3.10/site-packages:${PYTHONPATH} /usr/bin/python3 setup.py egg_info --egg-base ../../build/modelo_robot build --build-base /home/kaymarrr/Carver_Simulation/build/modelo_robot/build install --record /home/kaymarrr/Carver_Simulation/build/modelo_robot/install.log --single-version-externally-managed
[5.050s] DEBUG:colcon.colcon_core.event_handler.log_command:Invoked command in '/home/kaymarrr/Carver_Simulation/src/modelo_robot' returned '0': PYTHONPATH=/home/kaymarrr/Carver_Simulation/build/modelo_robot/prefix_override:/home/kaymarrr/Carver_Simulation/install/modelo_robot/lib/python3.10/site-packages:${PYTHONPATH} /usr/bin/python3 setup.py egg_info --egg-base ../../build/modelo_robot build --build-base /home/kaymarrr/Carver_Simulation/build/modelo_robot/build install --record /home/kaymarrr/Carver_Simulation/build/modelo_robot/install.log --single-version-externally-managed
[5.100s] Level 1:colcon.colcon_core.environment:checking '/home/kaymarrr/Carver_Simulation/install/modelo_robot' for CMake module files
[5.100s] Level 1:colcon.colcon_core.environment:checking '/home/kaymarrr/Carver_Simulation/install/modelo_robot' for CMake config files
[5.101s] Level 1:colcon.colcon_core.environment:checking '/home/kaymarrr/Carver_Simulation/install/modelo_robot/lib'
[5.101s] Level 1:colcon.colcon_core.environment:checking '/home/kaymarrr/Carver_Simulation/install/modelo_robot/bin'
[5.101s] Level 1:colcon.colcon_core.environment:checking '/home/kaymarrr/Carver_Simulation/install/modelo_robot/lib/pkgconfig/modelo_robot.pc'
[5.102s] Level 1:colcon.colcon_core.environment:checking '/home/kaymarrr/Carver_Simulation/install/modelo_robot/lib/python3.10/site-packages'
[5.102s] Level 1:colcon.colcon_core.shell:create_environment_hook('modelo_robot', 'pythonpath')
[5.127s] INFO:colcon.colcon_core.shell:Creating environment hook '/home/kaymarrr/Carver_Simulation/install/modelo_robot/share/modelo_robot/hook/pythonpath.ps1'
[5.128s] INFO:colcon.colcon_core.shell:Creating environment descriptor '/home/kaymarrr/Carver_Simulation/install/modelo_robot/share/modelo_robot/hook/pythonpath.dsv'
[5.128s] INFO:colcon.colcon_core.shell:Creating environment hook '/home/kaymarrr/Carver_Simulation/install/modelo_robot/share/modelo_robot/hook/pythonpath.sh'
[5.128s] Level 1:colcon.colcon_core.environment:checking '/home/kaymarrr/Carver_Simulation/install/modelo_robot/bin'
[5.128s] Level 1:colcon.colcon_core.environment:create_environment_scripts_only(modelo_robot)
[5.149s] INFO:colcon.colcon_core.shell:Creating package script '/home/kaymarrr/Carver_Simulation/install/modelo_robot/share/modelo_robot/package.ps1'
[5.149s] INFO:colcon.colcon_core.shell:Creating package descriptor '/home/kaymarrr/Carver_Simulation/install/modelo_robot/share/modelo_robot/package.dsv'
[5.150s] INFO:colcon.colcon_core.shell:Creating package script '/home/kaymarrr/Carver_Simulation/install/modelo_robot/share/modelo_robot/package.sh'
[5.150s] INFO:colcon.colcon_core.shell:Creating package script '/home/kaymarrr/Carver_Simulation/install/modelo_robot/share/modelo_robot/package.bash'
[5.151s] INFO:colcon.colcon_core.shell:Creating package script '/home/kaymarrr/Carver_Simulation/install/modelo_robot/share/modelo_robot/package.zsh'
[5.151s] Level 1:colcon.colcon_core.environment:create_file_with_runtime_dependencies(/home/kaymarrr/Carver_Simulation/install/modelo_robot/share/colcon-core/packages/modelo_robot)
[5.151s] DEBUG:colcon.colcon_parallel_executor.executor.parallel:closing loop
[5.151s] DEBUG:colcon.colcon_parallel_executor.executor.parallel:loop closed
[5.151s] DEBUG:colcon.colcon_parallel_executor.executor.parallel:run_until_complete finished with '0'
[5.151s] DEBUG:colcon.colcon_core.event_reactor:joining thread
[5.205s] INFO:colcon.colcon_core.plugin_system:Skipping extension 'colcon_notification.desktop_notification.terminal_notifier': Not used on non-Darwin systems
[5.205s] INFO:colcon.colcon_core.plugin_system:Skipping extension 'colcon_notification.desktop_notification.win32': Not used on non-Windows systems
[5.205s] INFO:colcon.colcon_notification.desktop_notification:Sending desktop notification using 'notify2'
[5.218s] DEBUG:colcon.colcon_core.event_reactor:joined thread
[5.242s] INFO:colcon.colcon_core.shell:Creating prefix script '/home/kaymarrr/Carver_Simulation/install/local_setup.ps1'
[5.243s] INFO:colcon.colcon_core.shell:Creating prefix util module '/home/kaymarrr/Carver_Simulation/install/_local_setup_util_ps1.py'
[5.244s] INFO:colcon.colcon_core.shell:Creating prefix chain script '/home/kaymarrr/Carver_Simulation/install/setup.ps1'
[5.272s] INFO:colcon.colcon_core.shell:Creating prefix script '/home/kaymarrr/Carver_Simulation/install/local_setup.sh'
[5.272s] INFO:colcon.colcon_core.shell:Creating prefix util module '/home/kaymarrr/Carver_Simulation/install/_local_setup_util_sh.py'
[5.272s] INFO:colcon.colcon_core.shell:Creating prefix chain script '/home/kaymarrr/Carver_Simulation/install/setup.sh'
[5.301s] INFO:colcon.colcon_core.shell:Creating prefix script '/home/kaymarrr/Carver_Simulation/install/local_setup.bash'
[5.301s] INFO:colcon.colcon_core.shell:Creating prefix chain script '/home/kaymarrr/Carver_Simulation/install/setup.bash'
[5.330s] INFO:colcon.colcon_core.shell:Creating prefix script '/home/kaymarrr/Carver_Simulation/install/local_setup.zsh'
[5.330s] INFO:colcon.colcon_core.shell:Creating prefix chain script '/home/kaymarrr/Carver_Simulation/install/setup.zsh'
