[1.854s] Invoking command in '/home/kaymarrr/Carver_Simulation/src/modelo_robot': PYTHONPATH=/home/kaymarrr/Carver_Simulation/build/modelo_robot/prefix_override:/home/kaymarrr/Carver_Simulation/install/modelo_robot/lib/python3.10/site-packages:${PYTHONPATH} /usr/bin/python3 setup.py egg_info --egg-base ../../build/modelo_robot build --build-base /home/kaymarrr/Carver_Simulation/build/modelo_robot/build install --record /home/kaymarrr/Carver_Simulation/build/modelo_robot/install.log --install-scripts $base/lib/modelo_robot --single-version-externally-managed
[2.177s] /usr/lib/python3/dist-packages/setuptools/dist.py:723: UserWarning: Usage of dash-separated 'script-dir' will not be supported in future versions. Please use the underscore name 'script_dir' instead
[2.177s]   warnings.warn(
[2.183s] running egg_info
[2.184s] writing ../../build/modelo_robot/modelo_robot.egg-info/PKG-INFO
[2.195s] writing dependency_links to ../../build/modelo_robot/modelo_robot.egg-info/dependency_links.txt
[2.195s] writing entry points to ../../build/modelo_robot/modelo_robot.egg-info/entry_points.txt
[2.195s] writing requirements to ../../build/modelo_robot/modelo_robot.egg-info/requires.txt
[2.195s] writing top-level names to ../../build/modelo_robot/modelo_robot.egg-info/top_level.txt
[2.196s] reading manifest file '../../build/modelo_robot/modelo_robot.egg-info/SOURCES.txt'
[2.196s] writing manifest file '../../build/modelo_robot/modelo_robot.egg-info/SOURCES.txt'
[2.197s] running build
[2.197s] running build_py
[2.197s] running install
[2.197s] /usr/lib/python3/dist-packages/setuptools/command/install.py:34: SetuptoolsDeprecationWarning: setup.py install is deprecated. Use build and pip and other standards-based tools.
[2.197s]   warnings.warn(
[2.197s] running install_lib
[2.199s] running install_data
[2.201s] running install_egg_info
[2.203s] removing '/home/kaymarrr/Carver_Simulation/install/modelo_robot/lib/python3.10/site-packages/modelo_robot-0.0.0-py3.10.egg-info' (and everything under it)
[2.203s] Copying ../../build/modelo_robot/modelo_robot.egg-info to /home/kaymarrr/Carver_Simulation/install/modelo_robot/lib/python3.10/site-packages/modelo_robot-0.0.0-py3.10.egg-info
[2.203s] running install_scripts
[2.229s] writing list of installed files to '/home/kaymarrr/Carver_Simulation/build/modelo_robot/install.log'
[2.243s] Invoked command in '/home/kaymarrr/Carver_Simulation/src/modelo_robot' returned '0': PYTHONPATH=/home/kaymarrr/Carver_Simulation/build/modelo_robot/prefix_override:/home/kaymarrr/Carver_Simulation/install/modelo_robot/lib/python3.10/site-packages:${PYTHONPATH} /usr/bin/python3 setup.py egg_info --egg-base ../../build/modelo_robot build --build-base /home/kaymarrr/Carver_Simulation/build/modelo_robot/build install --record /home/kaymarrr/Carver_Simulation/build/modelo_robot/install.log --install-scripts $base/lib/modelo_robot --single-version-externally-managed
