[0.779s] Invoking command in '/home/blackcayonbee/Carver_Simulation/src/modelo_robot': PYTHONPATH=/home/blackcayonbee/Carver_Simulation/build/modelo_robot/prefix_override:/home/blackcayonbee/Carver_Simulation/install/modelo_robot/lib/python3.10/site-packages:${PYTHONPATH} /usr/bin/python3 setup.py egg_info --egg-base ../../build/modelo_robot build --build-base /home/blackcayonbee/Carver_Simulation/build/modelo_robot/build install --record /home/blackcayonbee/Carver_Simulation/build/modelo_robot/install.log --install-scripts $base/lib/modelo_robot --single-version-externally-managed
[0.973s] /usr/lib/python3/dist-packages/setuptools/dist.py:723: UserWarning: Usage of dash-separated 'script-dir' will not be supported in future versions. Please use the underscore name 'script_dir' instead
[0.973s]   warnings.warn(
[0.979s] running egg_info
[0.979s] writing ../../build/modelo_robot/modelo_robot.egg-info/PKG-INFO
[0.979s] writing dependency_links to ../../build/modelo_robot/modelo_robot.egg-info/dependency_links.txt
[0.980s] writing entry points to ../../build/modelo_robot/modelo_robot.egg-info/entry_points.txt
[0.980s] writing requirements to ../../build/modelo_robot/modelo_robot.egg-info/requires.txt
[0.980s] writing top-level names to ../../build/modelo_robot/modelo_robot.egg-info/top_level.txt
[0.981s] reading manifest file '../../build/modelo_robot/modelo_robot.egg-info/SOURCES.txt'
[0.982s] writing manifest file '../../build/modelo_robot/modelo_robot.egg-info/SOURCES.txt'
[0.982s] running build
[0.982s] running build_py
[0.982s] running install
[0.982s] /usr/lib/python3/dist-packages/setuptools/command/install.py:34: SetuptoolsDeprecationWarning: setup.py install is deprecated. Use build and pip and other standards-based tools.
[0.982s]   warnings.warn(
[0.982s] running install_lib
[0.983s] running install_data
[0.983s] copying urdf/Carver_Simulation.urdf -> /home/blackcayonbee/Carver_Simulation/install/modelo_robot/share/modelo_robot/urdf
[0.984s] running install_egg_info
[0.985s] removing '/home/blackcayonbee/Carver_Simulation/install/modelo_robot/lib/python3.10/site-packages/modelo_robot-0.0.0-py3.10.egg-info' (and everything under it)
[0.985s] Copying ../../build/modelo_robot/modelo_robot.egg-info to /home/blackcayonbee/Carver_Simulation/install/modelo_robot/lib/python3.10/site-packages/modelo_robot-0.0.0-py3.10.egg-info
[0.986s] running install_scripts
[1.002s] writing list of installed files to '/home/blackcayonbee/Carver_Simulation/build/modelo_robot/install.log'
[1.019s] Invoked command in '/home/blackcayonbee/Carver_Simulation/src/modelo_robot' returned '0': PYTHONPATH=/home/blackcayonbee/Carver_Simulation/build/modelo_robot/prefix_override:/home/blackcayonbee/Carver_Simulation/install/modelo_robot/lib/python3.10/site-packages:${PYTHONPATH} /usr/bin/python3 setup.py egg_info --egg-base ../../build/modelo_robot build --build-base /home/blackcayonbee/Carver_Simulation/build/modelo_robot/build install --record /home/blackcayonbee/Carver_Simulation/build/modelo_robot/install.log --install-scripts $base/lib/modelo_robot --single-version-externally-managed
