running egg_info
writing ../../build/modelo_robot/modelo_robot.egg-info/PKG-INFO
writing dependency_links to ../../build/modelo_robot/modelo_robot.egg-info/dependency_links.txt
writing entry points to ../../build/modelo_robot/modelo_robot.egg-info/entry_points.txt
writing requirements to ../../build/modelo_robot/modelo_robot.egg-info/requires.txt
writing top-level names to ../../build/modelo_robot/modelo_robot.egg-info/top_level.txt
reading manifest file '../../build/modelo_robot/modelo_robot.egg-info/SOURCES.txt'
writing manifest file '../../build/modelo_robot/modelo_robot.egg-info/SOURCES.txt'
running build
running build_py
running install
/usr/lib/python3/dist-packages/setuptools/command/install.py:34: SetuptoolsDeprecationWarning: setup.py install is deprecated. Use build and pip and other standards-based tools.
  warnings.warn(
running install_lib
running install_data
copying urdf/Carver_Simulation.urdf -> /home/kaymarrr/Carver_Simulation/install/modelo_robot/share/modelo_robot/urdf
copying meshes/base_link.STL -> /home/kaymarrr/Carver_Simulation/install/modelo_robot/share/modelo_robot/meshes
copying meshes/Right_Wheel.STL -> /home/kaymarrr/Carver_Simulation/install/modelo_robot/share/modelo_robot/meshes
copying meshes/Left_Wheel.STL -> /home/kaymarrr/Carver_Simulation/install/modelo_robot/share/modelo_robot/meshes
copying meshes/Caster.STL -> /home/kaymarrr/Carver_Simulation/install/modelo_robot/share/modelo_robot/meshes
copying meshes/Hand.STL -> /home/kaymarrr/Carver_Simulation/install/modelo_robot/share/modelo_robot/meshes
copying meshes/Front_Wheel.STL -> /home/kaymarrr/Carver_Simulation/install/modelo_robot/share/modelo_robot/meshes
running install_egg_info
removing '/home/kaymarrr/Carver_Simulation/install/modelo_robot/lib/python3.10/site-packages/modelo_robot-0.0.0-py3.10.egg-info' (and everything under it)
Copying ../../build/modelo_robot/modelo_robot.egg-info to /home/kaymarrr/Carver_Simulation/install/modelo_robot/lib/python3.10/site-packages/modelo_robot-0.0.0-py3.10.egg-info
running install_scripts
writing list of installed files to '/home/kaymarrr/Carver_Simulation/build/modelo_robot/install.log'
