[1.866s] Invoking command in '/home/kaymarrr/Carver_Simulation/src/modelo_robot': PYTHONPATH=/home/kaymarrr/Carver_Simulation/build/modelo_robot/prefix_override:/home/kaymarrr/Carver_Simulation/install/modelo_robot/lib/python3.10/site-packages:${PYTHONPATH} /usr/bin/python3 setup.py egg_info --egg-base ../../build/modelo_robot build --build-base /home/kaymarrr/Carver_Simulation/build/modelo_robot/build install --record /home/kaymarrr/Carver_Simulation/build/modelo_robot/install.log --single-version-externally-managed
[2.277s] running egg_info
[2.277s] writing ../../build/modelo_robot/modelo_robot.egg-info/PKG-INFO
[2.277s] writing dependency_links to ../../build/modelo_robot/modelo_robot.egg-info/dependency_links.txt
[2.277s] writing entry points to ../../build/modelo_robot/modelo_robot.egg-info/entry_points.txt
[2.277s] writing requirements to ../../build/modelo_robot/modelo_robot.egg-info/requires.txt
[2.277s] writing top-level names to ../../build/modelo_robot/modelo_robot.egg-info/top_level.txt
[2.278s] reading manifest file '../../build/modelo_robot/modelo_robot.egg-info/SOURCES.txt'
[2.279s] writing manifest file '../../build/modelo_robot/modelo_robot.egg-info/SOURCES.txt'
[2.279s] running build
[2.279s] running build_py
[2.279s] running install
[2.280s] /usr/lib/python3/dist-packages/setuptools/command/install.py:34: SetuptoolsDeprecationWarning: setup.py install is deprecated. Use build and pip and other standards-based tools.
[2.280s]   warnings.warn(
[2.280s] running install_lib
[2.282s] running install_data
[2.283s] copying urdf/Carver_Simulation.urdf -> /home/kaymarrr/Carver_Simulation/install/modelo_robot/share/modelo_robot/urdf
[2.283s] copying meshes/base_link.STL -> /home/kaymarrr/Carver_Simulation/install/modelo_robot/share/modelo_robot/meshes
[2.284s] copying meshes/Right_Wheel.STL -> /home/kaymarrr/Carver_Simulation/install/modelo_robot/share/modelo_robot/meshes
[2.284s] copying meshes/Left_Wheel.STL -> /home/kaymarrr/Carver_Simulation/install/modelo_robot/share/modelo_robot/meshes
[2.284s] copying meshes/Caster.STL -> /home/kaymarrr/Carver_Simulation/install/modelo_robot/share/modelo_robot/meshes
[2.284s] copying meshes/Hand.STL -> /home/kaymarrr/Carver_Simulation/install/modelo_robot/share/modelo_robot/meshes
[2.284s] copying meshes/Front_Wheel.STL -> /home/kaymarrr/Carver_Simulation/install/modelo_robot/share/modelo_robot/meshes
[2.284s] running install_egg_info
[2.287s] removing '/home/kaymarrr/Carver_Simulation/install/modelo_robot/lib/python3.10/site-packages/modelo_robot-0.0.0-py3.10.egg-info' (and everything under it)
[2.287s] Copying ../../build/modelo_robot/modelo_robot.egg-info to /home/kaymarrr/Carver_Simulation/install/modelo_robot/lib/python3.10/site-packages/modelo_robot-0.0.0-py3.10.egg-info
[2.288s] running install_scripts
[2.321s] writing list of installed files to '/home/kaymarrr/Carver_Simulation/build/modelo_robot/install.log'
[2.338s] Invoked command in '/home/kaymarrr/Carver_Simulation/src/modelo_robot' returned '0': PYTHONPATH=/home/kaymarrr/Carver_Simulation/build/modelo_robot/prefix_override:/home/kaymarrr/Carver_Simulation/install/modelo_robot/lib/python3.10/site-packages:${PYTHONPATH} /usr/bin/python3 setup.py egg_info --egg-base ../../build/modelo_robot build --build-base /home/kaymarrr/Carver_Simulation/build/modelo_robot/build install --record /home/kaymarrr/Carver_Simulation/build/modelo_robot/install.log --single-version-externally-managed
