[0.709s] Invoking command in '/home/blackcayonbee/Carver_Simulation/src/modelo_robot': PYTHONPATH=/home/blackcayonbee/Carver_Simulation/build/modelo_robot/prefix_override:/home/blackcayonbee/Carver_Simulation/install/modelo_robot/lib/python3.10/site-packages:${PYTHONPATH} /usr/bin/python3 setup.py egg_info --egg-base ../../build/modelo_robot build --build-base /home/blackcayonbee/Carver_Simulation/build/modelo_robot/build install --record /home/blackcayonbee/Carver_Simulation/build/modelo_robot/install.log --install-scripts $base/lib/modelo_robot --single-version-externally-managed
[0.893s] /usr/lib/python3/dist-packages/setuptools/dist.py:723: UserWarning: Usage of dash-separated 'script-dir' will not be supported in future versions. Please use the underscore name 'script_dir' instead
[0.893s]   warnings.warn(
[0.898s] running egg_info
[0.899s] creating ../../build/modelo_robot/modelo_robot.egg-info
[0.899s] writing ../../build/modelo_robot/modelo_robot.egg-info/PKG-INFO
[0.899s] writing dependency_links to ../../build/modelo_robot/modelo_robot.egg-info/dependency_links.txt
[0.899s] writing entry points to ../../build/modelo_robot/modelo_robot.egg-info/entry_points.txt
[0.899s] writing requirements to ../../build/modelo_robot/modelo_robot.egg-info/requires.txt
[0.899s] writing top-level names to ../../build/modelo_robot/modelo_robot.egg-info/top_level.txt
[0.899s] writing manifest file '../../build/modelo_robot/modelo_robot.egg-info/SOURCES.txt'
[0.900s] reading manifest file '../../build/modelo_robot/modelo_robot.egg-info/SOURCES.txt'
[0.901s] writing manifest file '../../build/modelo_robot/modelo_robot.egg-info/SOURCES.txt'
[0.901s] running build
[0.901s] running build_py
[0.901s] creating /home/blackcayonbee/Carver_Simulation/build/modelo_robot/build
[0.901s] creating /home/blackcayonbee/Carver_Simulation/build/modelo_robot/build/lib
[0.902s] creating /home/blackcayonbee/Carver_Simulation/build/modelo_robot/build/lib/modelo_robot
[0.902s] copying modelo_robot/__init__.py -> /home/blackcayonbee/Carver_Simulation/build/modelo_robot/build/lib/modelo_robot
[0.902s] running install
[0.902s] /usr/lib/python3/dist-packages/setuptools/command/install.py:34: SetuptoolsDeprecationWarning: setup.py install is deprecated. Use build and pip and other standards-based tools.
[0.902s]   warnings.warn(
[0.902s] running install_lib
[0.902s] creating /home/blackcayonbee/Carver_Simulation/install/modelo_robot/lib/python3.10/site-packages/modelo_robot
[0.902s] copying /home/blackcayonbee/Carver_Simulation/build/modelo_robot/build/lib/modelo_robot/__init__.py -> /home/blackcayonbee/Carver_Simulation/install/modelo_robot/lib/python3.10/site-packages/modelo_robot
[0.903s] byte-compiling /home/blackcayonbee/Carver_Simulation/install/modelo_robot/lib/python3.10/site-packages/modelo_robot/__init__.py to __init__.cpython-310.pyc
[0.903s] running install_data
[0.903s] creating /home/blackcayonbee/Carver_Simulation/install/modelo_robot/share/ament_index
[0.903s] creating /home/blackcayonbee/Carver_Simulation/install/modelo_robot/share/ament_index/resource_index
[0.903s] creating /home/blackcayonbee/Carver_Simulation/install/modelo_robot/share/ament_index/resource_index/packages
[0.903s] copying resource/modelo_robot -> /home/blackcayonbee/Carver_Simulation/install/modelo_robot/share/ament_index/resource_index/packages
[0.903s] copying package.xml -> /home/blackcayonbee/Carver_Simulation/install/modelo_robot/share/modelo_robot
[0.903s] creating /home/blackcayonbee/Carver_Simulation/install/modelo_robot/share/modelo_robot/urdf
[0.904s] copying urdf/Carver_Simulation.urdf -> /home/blackcayonbee/Carver_Simulation/install/modelo_robot/share/modelo_robot/urdf
[0.904s] creating /home/blackcayonbee/Carver_Simulation/install/modelo_robot/share/modelo_robot/launch
[0.904s] copying launch/display.launch.py -> /home/blackcayonbee/Carver_Simulation/install/modelo_robot/share/modelo_robot/launch
[0.904s] creating /home/blackcayonbee/Carver_Simulation/install/modelo_robot/share/modelo_robot/meshes
[0.904s] copying meshes/Hand_link.STL -> /home/blackcayonbee/Carver_Simulation/install/modelo_robot/share/modelo_robot/meshes
[0.904s] copying meshes/Base_castor_link.STL -> /home/blackcayonbee/Carver_Simulation/install/modelo_robot/share/modelo_robot/meshes
[0.904s] copying meshes/Wheel_right_link.STL -> /home/blackcayonbee/Carver_Simulation/install/modelo_robot/share/modelo_robot/meshes
[0.904s] copying meshes/Wheel_castor_link.STL -> /home/blackcayonbee/Carver_Simulation/install/modelo_robot/share/modelo_robot/meshes
[0.904s] copying meshes/base_link.STL -> /home/blackcayonbee/Carver_Simulation/install/modelo_robot/share/modelo_robot/meshes
[0.905s] copying meshes/Wheel_left_link.STL -> /home/blackcayonbee/Carver_Simulation/install/modelo_robot/share/modelo_robot/meshes
[0.906s] running install_egg_info
[0.907s] Copying ../../build/modelo_robot/modelo_robot.egg-info to /home/blackcayonbee/Carver_Simulation/install/modelo_robot/lib/python3.10/site-packages/modelo_robot-0.0.0-py3.10.egg-info
[0.908s] running install_scripts
[0.923s] writing list of installed files to '/home/blackcayonbee/Carver_Simulation/build/modelo_robot/install.log'
[0.941s] Invoked command in '/home/blackcayonbee/Carver_Simulation/src/modelo_robot' returned '0': PYTHONPATH=/home/blackcayonbee/Carver_Simulation/build/modelo_robot/prefix_override:/home/blackcayonbee/Carver_Simulation/install/modelo_robot/lib/python3.10/site-packages:${PYTHONPATH} /usr/bin/python3 setup.py egg_info --egg-base ../../build/modelo_robot build --build-base /home/blackcayonbee/Carver_Simulation/build/modelo_robot/build install --record /home/blackcayonbee/Carver_Simulation/build/modelo_robot/install.log --install-scripts $base/lib/modelo_robot --single-version-externally-managed
