[4.491s] DEBUG:colcon:Command line arguments: ['/usr/bin/colcon', 'build']
[4.491s] DEBUG:colcon:Parsed command line arguments: Namespace(log_base=None, log_level=None, verb_name='build', build_base='build', install_base='install', merge_install=False, symlink_install=False, test_result_base=None, continue_on_error=False, executor='parallel', parallel_workers=16, event_handlers=None, ignore_user_meta=False, metas=['./colcon.meta'], base_paths=['.'], packages_ignore=None, packages_ignore_regex=None, paths=None, packages_up_to=None, packages_up_to_regex=None, packages_above=None, packages_above_and_dependencies=None, packages_above_depth=None, packages_select_by_dep=None, packages_skip_by_dep=None, packages_skip_up_to=None, packages_select_build_failed=False, packages_skip_build_finished=False, packages_select_test_failures=False, packages_skip_test_passed=False, packages_select=None, packages_skip=None, packages_select_regex=None, packages_skip_regex=None, packages_start=None, packages_end=None, allow_overriding=[], cmake_args=None, cmake_target=None, cmake_target_skip_unavailable=False, cmake_clean_cache=False, cmake_clean_first=False, cmake_force_configure=False, ament_cmake_args=None, catkin_cmake_args=None, catkin_skip_building_tests=False, verb_parser=<colcon_defaults.argument_parser.defaults.DefaultArgumentsDecorator object at 0x7fd29bbb0250>, verb_extension=<colcon_core.verb.build.BuildVerb object at 0x7fd29b2e3370>, main=<bound method BuildVerb.main of <colcon_core.verb.build.BuildVerb object at 0x7fd29b2e3370>>)
[4.705s] Level 1:colcon.colcon_core.package_discovery:discover_packages(colcon_meta) check parameters
[4.705s] Level 1:colcon.colcon_core.package_discovery:discover_packages(recursive) check parameters
[4.705s] Level 1:colcon.colcon_core.package_discovery:discover_packages(ignore) check parameters
[4.705s] Level 1:colcon.colcon_core.package_discovery:discover_packages(path) check parameters
[4.705s] Level 1:colcon.colcon_core.package_discovery:discover_packages(colcon_meta) discover
[4.705s] Level 1:colcon.colcon_core.package_discovery:discover_packages(recursive) discover
[4.705s] INFO:colcon.colcon_core.package_discovery:Crawling recursively for packages in '/home/kaymarrr/Carver_Simulation'
[4.705s] Level 1:colcon.colcon_core.package_identification:_identify(.) by extensions ['ignore', 'ignore_ament_install']
[4.705s] Level 1:colcon.colcon_core.package_identification:_identify(.) by extension 'ignore'
[4.705s] Level 1:colcon.colcon_core.package_identification:_identify(.) by extension 'ignore_ament_install'
[4.706s] Level 1:colcon.colcon_core.package_identification:_identify(.) by extensions ['colcon_pkg']
[4.706s] Level 1:colcon.colcon_core.package_identification:_identify(.) by extension 'colcon_pkg'
[4.706s] Level 1:colcon.colcon_core.package_identification:_identify(.) by extensions ['colcon_meta']
[4.706s] Level 1:colcon.colcon_core.package_identification:_identify(.) by extension 'colcon_meta'
[4.706s] Level 1:colcon.colcon_core.package_identification:_identify(.) by extensions ['ros']
[4.706s] Level 1:colcon.colcon_core.package_identification:_identify(.) by extension 'ros'
[4.736s] Level 1:colcon.colcon_core.package_identification:_identify(.) by extensions ['cmake', 'python']
[4.736s] Level 1:colcon.colcon_core.package_identification:_identify(.) by extension 'cmake'
[4.736s] Level 1:colcon.colcon_core.package_identification:_identify(.) by extension 'python'
[4.736s] Level 1:colcon.colcon_core.package_identification:_identify(.) by extensions ['python_setup_py']
[4.736s] Level 1:colcon.colcon_core.package_identification:_identify(.) by extension 'python_setup_py'
[4.736s] Level 1:colcon.colcon_core.package_identification:_identify(build) by extensions ['ignore', 'ignore_ament_install']
[4.737s] Level 1:colcon.colcon_core.package_identification:_identify(build) by extension 'ignore'
[4.737s] Level 1:colcon.colcon_core.package_identification:_identify(build) ignored
[4.737s] Level 1:colcon.colcon_core.package_identification:_identify(install) by extensions ['ignore', 'ignore_ament_install']
[4.737s] Level 1:colcon.colcon_core.package_identification:_identify(install) by extension 'ignore'
[4.737s] Level 1:colcon.colcon_core.package_identification:_identify(install) ignored
[4.737s] Level 1:colcon.colcon_core.package_identification:_identify(log) by extensions ['ignore', 'ignore_ament_install']
[4.737s] Level 1:colcon.colcon_core.package_identification:_identify(log) by extension 'ignore'
[4.738s] Level 1:colcon.colcon_core.package_identification:_identify(log) ignored
[4.738s] Level 1:colcon.colcon_core.package_identification:_identify(src) by extensions ['ignore', 'ignore_ament_install']
[4.738s] Level 1:colcon.colcon_core.package_identification:_identify(src) by extension 'ignore'
[4.738s] Level 1:colcon.colcon_core.package_identification:_identify(src) by extension 'ignore_ament_install'
[4.738s] Level 1:colcon.colcon_core.package_identification:_identify(src) by extensions ['colcon_pkg']
[4.738s] Level 1:colcon.colcon_core.package_identification:_identify(src) by extension 'colcon_pkg'
[4.738s] Level 1:colcon.colcon_core.package_identification:_identify(src) by extensions ['colcon_meta']
[4.738s] Level 1:colcon.colcon_core.package_identification:_identify(src) by extension 'colcon_meta'
[4.738s] Level 1:colcon.colcon_core.package_identification:_identify(src) by extensions ['ros']
[4.738s] Level 1:colcon.colcon_core.package_identification:_identify(src) by extension 'ros'
[4.739s] Level 1:colcon.colcon_core.package_identification:_identify(src) by extensions ['cmake', 'python']
[4.739s] Level 1:colcon.colcon_core.package_identification:_identify(src) by extension 'cmake'
[4.739s] Level 1:colcon.colcon_core.package_identification:_identify(src) by extension 'python'
[4.739s] Level 1:colcon.colcon_core.package_identification:_identify(src) by extensions ['python_setup_py']
[4.739s] Level 1:colcon.colcon_core.package_identification:_identify(src) by extension 'python_setup_py'
[4.739s] Level 1:colcon.colcon_core.package_identification:_identify(src/modelo_robot) by extensions ['ignore', 'ignore_ament_install']
[4.739s] Level 1:colcon.colcon_core.package_identification:_identify(src/modelo_robot) by extension 'ignore'
[4.739s] Level 1:colcon.colcon_core.package_identification:_identify(src/modelo_robot) by extension 'ignore_ament_install'
[4.739s] Level 1:colcon.colcon_core.package_identification:_identify(src/modelo_robot) by extensions ['colcon_pkg']
[4.739s] Level 1:colcon.colcon_core.package_identification:_identify(src/modelo_robot) by extension 'colcon_pkg'
[4.739s] Level 1:colcon.colcon_core.package_identification:_identify(src/modelo_robot) by extensions ['colcon_meta']
[4.739s] Level 1:colcon.colcon_core.package_identification:_identify(src/modelo_robot) by extension 'colcon_meta'
[4.739s] Level 1:colcon.colcon_core.package_identification:_identify(src/modelo_robot) by extensions ['ros']
[4.739s] Level 1:colcon.colcon_core.package_identification:_identify(src/modelo_robot) by extension 'ros'
[4.795s] DEBUG:colcon.colcon_core.package_identification:Package 'src/modelo_robot' with type 'ros.ament_python' and name 'modelo_robot'
[4.795s] Level 1:colcon.colcon_core.package_discovery:discover_packages(recursive) using defaults
[4.796s] Level 1:colcon.colcon_core.package_discovery:discover_packages(ignore) discover
[4.796s] Level 1:colcon.colcon_core.package_discovery:discover_packages(ignore) using defaults
[4.796s] Level 1:colcon.colcon_core.package_discovery:discover_packages(path) discover
[4.796s] Level 1:colcon.colcon_core.package_discovery:discover_packages(path) using defaults
[5.217s] Level 1:colcon.colcon_core.package_discovery:discover_packages(prefix_path) check parameters
[5.218s] Level 1:colcon.colcon_core.package_discovery:discover_packages(prefix_path) discover
[5.369s] DEBUG:colcon.colcon_installed_package_information.package_discovery:Found 1 installed packages in /home/kaymarrr/Carver_Simulation/install
[5.435s] DEBUG:colcon.colcon_installed_package_information.package_discovery:Found 2 installed packages in /home/kaymarrr/Carver_ws/install
[5.501s] DEBUG:colcon.colcon_installed_package_information.package_discovery:Found 1 installed packages in /home/kaymarrr/mini_carver/install
[5.568s] DEBUG:colcon.colcon_installed_package_information.package_discovery:Found 6 installed packages in /home/kaymarrr/turtle_ws/install
[5.687s] DEBUG:colcon.colcon_installed_package_information.package_discovery:Found 4 installed packages in /home/kaymarrr/turtle_exam_ws/install
[5.753s] DEBUG:colcon.colcon_installed_package_information.package_discovery:Found 1 installed packages in /home/kaymarrr/dev_ws/install
[5.817s] DEBUG:colcon.colcon_installed_package_information.package_discovery:Found 4 installed packages in /home/kaymarrr/FourTurtleSim_ws/install
[5.884s] DEBUG:colcon.colcon_installed_package_information.package_discovery:Found 2 installed packages in /home/kaymarrr/simulation_solution_ws/install
[5.950s] DEBUG:colcon.colcon_installed_package_information.package_discovery:Found 1 installed packages in /home/kaymarrr/simulation_exercise_ws/install
[6.016s] DEBUG:colcon.colcon_installed_package_information.package_discovery:Found 3 installed packages in /home/kaymarrr/simulation_noob_ws/install
[6.081s] DEBUG:colcon.colcon_installed_package_information.package_discovery:Found 1 installed packages in /home/kaymarrr/modelling_solution_ws/install
[6.146s] DEBUG:colcon.colcon_installed_package_information.package_discovery:Found 1 installed packages in /home/kaymarrr/modelling_exercise_ws/install
[6.228s] DEBUG:colcon.colcon_installed_package_information.package_discovery:Found 344 installed packages in /home/kaymarrr/ros2_humble/install
[6.300s] DEBUG:colcon.colcon_installed_package_information.package_discovery:Found 0 installed packages in /home/kaymarrr/fra501_ws/install
[6.366s] DEBUG:colcon.colcon_installed_package_information.package_discovery:Found 0 installed packages in /home/kaymarrr/carver_ws/install
[6.493s] DEBUG:colcon.colcon_installed_package_information.package_discovery:Found 306 installed packages in /opt/ros/humble
[6.513s] Level 1:colcon.colcon_core.package_discovery:discover_packages(prefix_path) using defaults
[6.814s] Level 5:colcon.colcon_core.verb:set package 'modelo_robot' build argument 'cmake_args' from command line to 'None'
[6.814s] Level 5:colcon.colcon_core.verb:set package 'modelo_robot' build argument 'cmake_target' from command line to 'None'
[6.814s] Level 5:colcon.colcon_core.verb:set package 'modelo_robot' build argument 'cmake_target_skip_unavailable' from command line to 'False'
[6.814s] Level 5:colcon.colcon_core.verb:set package 'modelo_robot' build argument 'cmake_clean_cache' from command line to 'False'
[6.814s] Level 5:colcon.colcon_core.verb:set package 'modelo_robot' build argument 'cmake_clean_first' from command line to 'False'
[6.814s] Level 5:colcon.colcon_core.verb:set package 'modelo_robot' build argument 'cmake_force_configure' from command line to 'False'
[6.814s] Level 5:colcon.colcon_core.verb:set package 'modelo_robot' build argument 'ament_cmake_args' from command line to 'None'
[6.814s] Level 5:colcon.colcon_core.verb:set package 'modelo_robot' build argument 'catkin_cmake_args' from command line to 'None'
[6.814s] Level 5:colcon.colcon_core.verb:set package 'modelo_robot' build argument 'catkin_skip_building_tests' from command line to 'False'
[6.814s] DEBUG:colcon.colcon_core.verb:Building package 'modelo_robot' with the following arguments: {'ament_cmake_args': None, 'build_base': '/home/kaymarrr/Carver_Simulation/build/modelo_robot', 'catkin_cmake_args': None, 'catkin_skip_building_tests': False, 'cmake_args': None, 'cmake_clean_cache': False, 'cmake_clean_first': False, 'cmake_force_configure': False, 'cmake_target': None, 'cmake_target_skip_unavailable': False, 'install_base': '/home/kaymarrr/Carver_Simulation/install/modelo_robot', 'merge_install': False, 'path': '/home/kaymarrr/Carver_Simulation/src/modelo_robot', 'symlink_install': False, 'test_result_base': None}
[6.879s] INFO:colcon.colcon_core.executor:Executing jobs using 'parallel' executor
[6.945s] DEBUG:colcon.colcon_parallel_executor.executor.parallel:run_until_complete
[6.948s] INFO:colcon.colcon_ros.task.ament_python.build:Building ROS package in '/home/kaymarrr/Carver_Simulation/src/modelo_robot' with build type 'ament_python'
[6.952s] Level 1:colcon.colcon_core.shell:create_environment_hook('modelo_robot', 'ament_prefix_path')
[7.031s] INFO:colcon.colcon_core.plugin_system:Skipping extension 'colcon_core.shell.bat': Not used on non-Windows systems
[7.031s] INFO:colcon.colcon_core.shell:Creating environment hook '/home/kaymarrr/Carver_Simulation/install/modelo_robot/share/modelo_robot/hook/ament_prefix_path.ps1'
[7.032s] INFO:colcon.colcon_core.shell:Creating environment descriptor '/home/kaymarrr/Carver_Simulation/install/modelo_robot/share/modelo_robot/hook/ament_prefix_path.dsv'
[7.033s] INFO:colcon.colcon_core.shell:Creating environment hook '/home/kaymarrr/Carver_Simulation/install/modelo_robot/share/modelo_robot/hook/ament_prefix_path.sh'
[7.100s] INFO:colcon.colcon_core.shell:Skip shell extension 'powershell' for command environment: Not usable outside of PowerShell
[7.100s] DEBUG:colcon.colcon_core.shell:Skip shell extension 'dsv' for command environment
[9.534s] INFO:colcon.colcon_core.task.python.build:Building Python package in '/home/kaymarrr/Carver_Simulation/src/modelo_robot'
[9.611s] INFO:colcon.colcon_core.shell:Skip shell extension 'powershell' for command environment: Not usable outside of PowerShell
[9.611s] DEBUG:colcon.colcon_core.shell:Skip shell extension 'dsv' for command environment
[12.496s] DEBUG:colcon.colcon_core.event_handler.log_command:Invoking command in '/home/kaymarrr/Carver_Simulation/src/modelo_robot': PYTHONPATH=/home/kaymarrr/Carver_Simulation/build/modelo_robot/prefix_override:/home/kaymarrr/Carver_Simulation/install/modelo_robot/lib/python3.10/site-packages:${PYTHONPATH} /usr/bin/python3 setup.py egg_info --egg-base ../../build/modelo_robot build --build-base /home/kaymarrr/Carver_Simulation/build/modelo_robot/build install --record /home/kaymarrr/Carver_Simulation/build/modelo_robot/install.log --single-version-externally-managed
[13.782s] DEBUG:colcon.colcon_core.event_handler.log_command:Invoked command in '/home/kaymarrr/Carver_Simulation/src/modelo_robot' returned '0': PYTHONPATH=/home/kaymarrr/Carver_Simulation/build/modelo_robot/prefix_override:/home/kaymarrr/Carver_Simulation/install/modelo_robot/lib/python3.10/site-packages:${PYTHONPATH} /usr/bin/python3 setup.py egg_info --egg-base ../../build/modelo_robot build --build-base /home/kaymarrr/Carver_Simulation/build/modelo_robot/build install --record /home/kaymarrr/Carver_Simulation/build/modelo_robot/install.log --single-version-externally-managed
[13.852s] Level 1:colcon.colcon_core.environment:checking '/home/kaymarrr/Carver_Simulation/install/modelo_robot' for CMake module files
[13.853s] Level 1:colcon.colcon_core.environment:checking '/home/kaymarrr/Carver_Simulation/install/modelo_robot' for CMake config files
[13.854s] Level 1:colcon.colcon_core.environment:checking '/home/kaymarrr/Carver_Simulation/install/modelo_robot/lib'
[13.854s] Level 1:colcon.colcon_core.environment:checking '/home/kaymarrr/Carver_Simulation/install/modelo_robot/bin'
[13.854s] Level 1:colcon.colcon_core.environment:checking '/home/kaymarrr/Carver_Simulation/install/modelo_robot/lib/pkgconfig/modelo_robot.pc'
[13.855s] Level 1:colcon.colcon_core.environment:checking '/home/kaymarrr/Carver_Simulation/install/modelo_robot/lib/python3.10/site-packages'
[13.855s] Level 1:colcon.colcon_core.shell:create_environment_hook('modelo_robot', 'pythonpath')
[13.920s] INFO:colcon.colcon_core.shell:Creating environment hook '/home/kaymarrr/Carver_Simulation/install/modelo_robot/share/modelo_robot/hook/pythonpath.ps1'
[13.921s] INFO:colcon.colcon_core.shell:Creating environment descriptor '/home/kaymarrr/Carver_Simulation/install/modelo_robot/share/modelo_robot/hook/pythonpath.dsv'
[13.922s] INFO:colcon.colcon_core.shell:Creating environment hook '/home/kaymarrr/Carver_Simulation/install/modelo_robot/share/modelo_robot/hook/pythonpath.sh'
[13.923s] Level 1:colcon.colcon_core.environment:checking '/home/kaymarrr/Carver_Simulation/install/modelo_robot/bin'
[13.923s] Level 1:colcon.colcon_core.environment:create_environment_scripts_only(modelo_robot)
[13.988s] INFO:colcon.colcon_core.shell:Creating package script '/home/kaymarrr/Carver_Simulation/install/modelo_robot/share/modelo_robot/package.ps1'
[13.990s] INFO:colcon.colcon_core.shell:Creating package descriptor '/home/kaymarrr/Carver_Simulation/install/modelo_robot/share/modelo_robot/package.dsv'
[13.991s] INFO:colcon.colcon_core.shell:Creating package script '/home/kaymarrr/Carver_Simulation/install/modelo_robot/share/modelo_robot/package.sh'
[13.992s] INFO:colcon.colcon_core.shell:Creating package script '/home/kaymarrr/Carver_Simulation/install/modelo_robot/share/modelo_robot/package.bash'
[13.994s] INFO:colcon.colcon_core.shell:Creating package script '/home/kaymarrr/Carver_Simulation/install/modelo_robot/share/modelo_robot/package.zsh'
[13.995s] Level 1:colcon.colcon_core.environment:create_file_with_runtime_dependencies(/home/kaymarrr/Carver_Simulation/install/modelo_robot/share/colcon-core/packages/modelo_robot)
[13.995s] DEBUG:colcon.colcon_parallel_executor.executor.parallel:closing loop
[13.996s] DEBUG:colcon.colcon_parallel_executor.executor.parallel:loop closed
[13.997s] DEBUG:colcon.colcon_parallel_executor.executor.parallel:run_until_complete finished with '0'
[13.997s] DEBUG:colcon.colcon_core.event_reactor:joining thread
[14.085s] INFO:colcon.colcon_core.plugin_system:Skipping extension 'colcon_notification.desktop_notification.terminal_notifier': Not used on non-Darwin systems
[14.086s] INFO:colcon.colcon_core.plugin_system:Skipping extension 'colcon_notification.desktop_notification.win32': Not used on non-Windows systems
[14.086s] INFO:colcon.colcon_notification.desktop_notification:Sending desktop notification using 'notify2'
[14.110s] DEBUG:colcon.colcon_core.event_reactor:joined thread
[14.181s] INFO:colcon.colcon_core.shell:Creating prefix script '/home/kaymarrr/Carver_Simulation/install/local_setup.ps1'
[14.184s] INFO:colcon.colcon_core.shell:Creating prefix util module '/home/kaymarrr/Carver_Simulation/install/_local_setup_util_ps1.py'
[14.186s] INFO:colcon.colcon_core.shell:Creating prefix chain script '/home/kaymarrr/Carver_Simulation/install/setup.ps1'
[14.271s] INFO:colcon.colcon_core.shell:Creating prefix script '/home/kaymarrr/Carver_Simulation/install/local_setup.sh'
[14.272s] INFO:colcon.colcon_core.shell:Creating prefix util module '/home/kaymarrr/Carver_Simulation/install/_local_setup_util_sh.py'
[14.273s] INFO:colcon.colcon_core.shell:Creating prefix chain script '/home/kaymarrr/Carver_Simulation/install/setup.sh'
[14.360s] INFO:colcon.colcon_core.shell:Creating prefix script '/home/kaymarrr/Carver_Simulation/install/local_setup.bash'
[14.361s] INFO:colcon.colcon_core.shell:Creating prefix chain script '/home/kaymarrr/Carver_Simulation/install/setup.bash'
[14.445s] INFO:colcon.colcon_core.shell:Creating prefix script '/home/kaymarrr/Carver_Simulation/install/local_setup.zsh'
[14.446s] INFO:colcon.colcon_core.shell:Creating prefix chain script '/home/kaymarrr/Carver_Simulation/install/setup.zsh'
