[4.443s] DEBUG:colcon:Command line arguments: ['/usr/bin/colcon', 'build']
[4.443s] DEBUG:colcon:Parsed command line arguments: Namespace(log_base=None, log_level=None, verb_name='build', build_base='build', install_base='install', merge_install=False, symlink_install=False, test_result_base=None, continue_on_error=False, executor='parallel', parallel_workers=16, event_handlers=None, ignore_user_meta=False, metas=['./colcon.meta'], base_paths=['.'], packages_ignore=None, packages_ignore_regex=None, paths=None, packages_up_to=None, packages_up_to_regex=None, packages_above=None, packages_above_and_dependencies=None, packages_above_depth=None, packages_select_by_dep=None, packages_skip_by_dep=None, packages_skip_up_to=None, packages_select_build_failed=False, packages_skip_build_finished=False, packages_select_test_failures=False, packages_skip_test_passed=False, packages_select=None, packages_skip=None, packages_select_regex=None, packages_skip_regex=None, packages_start=None, packages_end=None, allow_overriding=[], cmake_args=None, cmake_target=None, cmake_target_skip_unavailable=False, cmake_clean_cache=False, cmake_clean_first=False, cmake_force_configure=False, ament_cmake_args=None, catkin_cmake_args=None, catkin_skip_building_tests=False, verb_parser=<colcon_defaults.argument_parser.defaults.DefaultArgumentsDecorator object at 0x7fa0232bf820>, verb_extension=<colcon_core.verb.build.BuildVerb object at 0x7fa023ad1150>, main=<bound method BuildVerb.main of <colcon_core.verb.build.BuildVerb object at 0x7fa023ad1150>>)
[4.650s] Level 1:colcon.colcon_core.package_discovery:discover_packages(colcon_meta) check parameters
[4.650s] Level 1:colcon.colcon_core.package_discovery:discover_packages(recursive) check parameters
[4.650s] Level 1:colcon.colcon_core.package_discovery:discover_packages(ignore) check parameters
[4.650s] Level 1:colcon.colcon_core.package_discovery:discover_packages(path) check parameters
[4.651s] Level 1:colcon.colcon_core.package_discovery:discover_packages(colcon_meta) discover
[4.651s] Level 1:colcon.colcon_core.package_discovery:discover_packages(recursive) discover
[4.651s] INFO:colcon.colcon_core.package_discovery:Crawling recursively for packages in '/home/kaymarrr/Carver_Simulation'
[4.651s] Level 1:colcon.colcon_core.package_identification:_identify(.) by extensions ['ignore', 'ignore_ament_install']
[4.651s] Level 1:colcon.colcon_core.package_identification:_identify(.) by extension 'ignore'
[4.651s] Level 1:colcon.colcon_core.package_identification:_identify(.) by extension 'ignore_ament_install'
[4.651s] Level 1:colcon.colcon_core.package_identification:_identify(.) by extensions ['colcon_pkg']
[4.651s] Level 1:colcon.colcon_core.package_identification:_identify(.) by extension 'colcon_pkg'
[4.651s] Level 1:colcon.colcon_core.package_identification:_identify(.) by extensions ['colcon_meta']
[4.651s] Level 1:colcon.colcon_core.package_identification:_identify(.) by extension 'colcon_meta'
[4.652s] Level 1:colcon.colcon_core.package_identification:_identify(.) by extensions ['ros']
[4.652s] Level 1:colcon.colcon_core.package_identification:_identify(.) by extension 'ros'
[4.679s] Level 1:colcon.colcon_core.package_identification:_identify(.) by extensions ['cmake', 'python']
[4.679s] Level 1:colcon.colcon_core.package_identification:_identify(.) by extension 'cmake'
[4.680s] Level 1:colcon.colcon_core.package_identification:_identify(.) by extension 'python'
[4.680s] Level 1:colcon.colcon_core.package_identification:_identify(.) by extensions ['python_setup_py']
[4.680s] Level 1:colcon.colcon_core.package_identification:_identify(.) by extension 'python_setup_py'
[4.680s] Level 1:colcon.colcon_core.package_identification:_identify(build) by extensions ['ignore', 'ignore_ament_install']
[4.680s] Level 1:colcon.colcon_core.package_identification:_identify(build) by extension 'ignore'
[4.680s] Level 1:colcon.colcon_core.package_identification:_identify(build) ignored
[4.680s] Level 1:colcon.colcon_core.package_identification:_identify(install) by extensions ['ignore', 'ignore_ament_install']
[4.681s] Level 1:colcon.colcon_core.package_identification:_identify(install) by extension 'ignore'
[4.681s] Level 1:colcon.colcon_core.package_identification:_identify(install) ignored
[4.681s] Level 1:colcon.colcon_core.package_identification:_identify(log) by extensions ['ignore', 'ignore_ament_install']
[4.681s] Level 1:colcon.colcon_core.package_identification:_identify(log) by extension 'ignore'
[4.681s] Level 1:colcon.colcon_core.package_identification:_identify(log) ignored
[4.681s] Level 1:colcon.colcon_core.package_identification:_identify(src) by extensions ['ignore', 'ignore_ament_install']
[4.681s] Level 1:colcon.colcon_core.package_identification:_identify(src) by extension 'ignore'
[4.681s] Level 1:colcon.colcon_core.package_identification:_identify(src) by extension 'ignore_ament_install'
[4.681s] Level 1:colcon.colcon_core.package_identification:_identify(src) by extensions ['colcon_pkg']
[4.681s] Level 1:colcon.colcon_core.package_identification:_identify(src) by extension 'colcon_pkg'
[4.682s] Level 1:colcon.colcon_core.package_identification:_identify(src) by extensions ['colcon_meta']
[4.682s] Level 1:colcon.colcon_core.package_identification:_identify(src) by extension 'colcon_meta'
[4.682s] Level 1:colcon.colcon_core.package_identification:_identify(src) by extensions ['ros']
[4.682s] Level 1:colcon.colcon_core.package_identification:_identify(src) by extension 'ros'
[4.682s] Level 1:colcon.colcon_core.package_identification:_identify(src) by extensions ['cmake', 'python']
[4.682s] Level 1:colcon.colcon_core.package_identification:_identify(src) by extension 'cmake'
[4.682s] Level 1:colcon.colcon_core.package_identification:_identify(src) by extension 'python'
[4.682s] Level 1:colcon.colcon_core.package_identification:_identify(src) by extensions ['python_setup_py']
[4.682s] Level 1:colcon.colcon_core.package_identification:_identify(src) by extension 'python_setup_py'
[4.682s] Level 1:colcon.colcon_core.package_identification:_identify(src/modelo_robot) by extensions ['ignore', 'ignore_ament_install']
[4.682s] Level 1:colcon.colcon_core.package_identification:_identify(src/modelo_robot) by extension 'ignore'
[4.682s] Level 1:colcon.colcon_core.package_identification:_identify(src/modelo_robot) by extension 'ignore_ament_install'
[4.683s] Level 1:colcon.colcon_core.package_identification:_identify(src/modelo_robot) by extensions ['colcon_pkg']
[4.683s] Level 1:colcon.colcon_core.package_identification:_identify(src/modelo_robot) by extension 'colcon_pkg'
[4.683s] Level 1:colcon.colcon_core.package_identification:_identify(src/modelo_robot) by extensions ['colcon_meta']
[4.683s] Level 1:colcon.colcon_core.package_identification:_identify(src/modelo_robot) by extension 'colcon_meta'
[4.683s] Level 1:colcon.colcon_core.package_identification:_identify(src/modelo_robot) by extensions ['ros']
[4.683s] Level 1:colcon.colcon_core.package_identification:_identify(src/modelo_robot) by extension 'ros'
[4.736s] DEBUG:colcon.colcon_core.package_identification:Package 'src/modelo_robot' with type 'ros.ament_python' and name 'modelo_robot'
[4.736s] Level 1:colcon.colcon_core.package_discovery:discover_packages(recursive) using defaults
[4.736s] Level 1:colcon.colcon_core.package_discovery:discover_packages(ignore) discover
[4.736s] Level 1:colcon.colcon_core.package_discovery:discover_packages(ignore) using defaults
[4.736s] Level 1:colcon.colcon_core.package_discovery:discover_packages(path) discover
[4.736s] Level 1:colcon.colcon_core.package_discovery:discover_packages(path) using defaults
[5.147s] Level 1:colcon.colcon_core.package_discovery:discover_packages(prefix_path) check parameters
[5.147s] Level 1:colcon.colcon_core.package_discovery:discover_packages(prefix_path) discover
[5.294s] DEBUG:colcon.colcon_installed_package_information.package_discovery:Found 1 installed packages in /home/kaymarrr/Carver_Simulation/install
[5.359s] DEBUG:colcon.colcon_installed_package_information.package_discovery:Found 2 installed packages in /home/kaymarrr/Carver_ws/install
[5.424s] DEBUG:colcon.colcon_installed_package_information.package_discovery:Found 1 installed packages in /home/kaymarrr/mini_carver/install
[5.490s] DEBUG:colcon.colcon_installed_package_information.package_discovery:Found 6 installed packages in /home/kaymarrr/turtle_ws/install
[5.603s] DEBUG:colcon.colcon_installed_package_information.package_discovery:Found 4 installed packages in /home/kaymarrr/turtle_exam_ws/install
[5.666s] DEBUG:colcon.colcon_installed_package_information.package_discovery:Found 1 installed packages in /home/kaymarrr/dev_ws/install
[5.731s] DEBUG:colcon.colcon_installed_package_information.package_discovery:Found 4 installed packages in /home/kaymarrr/FourTurtleSim_ws/install
[5.796s] DEBUG:colcon.colcon_installed_package_information.package_discovery:Found 2 installed packages in /home/kaymarrr/simulation_solution_ws/install
[5.859s] DEBUG:colcon.colcon_installed_package_information.package_discovery:Found 1 installed packages in /home/kaymarrr/simulation_exercise_ws/install
[5.924s] DEBUG:colcon.colcon_installed_package_information.package_discovery:Found 3 installed packages in /home/kaymarrr/simulation_noob_ws/install
[5.990s] DEBUG:colcon.colcon_installed_package_information.package_discovery:Found 1 installed packages in /home/kaymarrr/modelling_solution_ws/install
[6.055s] DEBUG:colcon.colcon_installed_package_information.package_discovery:Found 1 installed packages in /home/kaymarrr/modelling_exercise_ws/install
[6.136s] DEBUG:colcon.colcon_installed_package_information.package_discovery:Found 344 installed packages in /home/kaymarrr/ros2_humble/install
[6.206s] DEBUG:colcon.colcon_installed_package_information.package_discovery:Found 0 installed packages in /home/kaymarrr/fra501_ws/install
[6.268s] DEBUG:colcon.colcon_installed_package_information.package_discovery:Found 0 installed packages in /home/kaymarrr/carver_ws/install
[6.389s] DEBUG:colcon.colcon_installed_package_information.package_discovery:Found 306 installed packages in /opt/ros/humble
[6.409s] Level 1:colcon.colcon_core.package_discovery:discover_packages(prefix_path) using defaults
[6.709s] Level 5:colcon.colcon_core.verb:set package 'modelo_robot' build argument 'cmake_args' from command line to 'None'
[6.710s] Level 5:colcon.colcon_core.verb:set package 'modelo_robot' build argument 'cmake_target' from command line to 'None'
[6.710s] Level 5:colcon.colcon_core.verb:set package 'modelo_robot' build argument 'cmake_target_skip_unavailable' from command line to 'False'
[6.710s] Level 5:colcon.colcon_core.verb:set package 'modelo_robot' build argument 'cmake_clean_cache' from command line to 'False'
[6.710s] Level 5:colcon.colcon_core.verb:set package 'modelo_robot' build argument 'cmake_clean_first' from command line to 'False'
[6.710s] Level 5:colcon.colcon_core.verb:set package 'modelo_robot' build argument 'cmake_force_configure' from command line to 'False'
[6.710s] Level 5:colcon.colcon_core.verb:set package 'modelo_robot' build argument 'ament_cmake_args' from command line to 'None'
[6.710s] Level 5:colcon.colcon_core.verb:set package 'modelo_robot' build argument 'catkin_cmake_args' from command line to 'None'
[6.710s] Level 5:colcon.colcon_core.verb:set package 'modelo_robot' build argument 'catkin_skip_building_tests' from command line to 'False'
[6.710s] DEBUG:colcon.colcon_core.verb:Building package 'modelo_robot' with the following arguments: {'ament_cmake_args': None, 'build_base': '/home/kaymarrr/Carver_Simulation/build/modelo_robot', 'catkin_cmake_args': None, 'catkin_skip_building_tests': False, 'cmake_args': None, 'cmake_clean_cache': False, 'cmake_clean_first': False, 'cmake_force_configure': False, 'cmake_target': None, 'cmake_target_skip_unavailable': False, 'install_base': '/home/kaymarrr/Carver_Simulation/install/modelo_robot', 'merge_install': False, 'path': '/home/kaymarrr/Carver_Simulation/src/modelo_robot', 'symlink_install': False, 'test_result_base': None}
[6.773s] INFO:colcon.colcon_core.executor:Executing jobs using 'parallel' executor
[6.841s] DEBUG:colcon.colcon_parallel_executor.executor.parallel:run_until_complete
[6.841s] INFO:colcon.colcon_ros.task.ament_python.build:Building ROS package in '/home/kaymarrr/Carver_Simulation/src/modelo_robot' with build type 'ament_python'
[6.841s] Level 1:colcon.colcon_core.shell:create_environment_hook('modelo_robot', 'ament_prefix_path')
[6.918s] INFO:colcon.colcon_core.plugin_system:Skipping extension 'colcon_core.shell.bat': Not used on non-Windows systems
[6.919s] INFO:colcon.colcon_core.shell:Creating environment hook '/home/kaymarrr/Carver_Simulation/install/modelo_robot/share/modelo_robot/hook/ament_prefix_path.ps1'
[6.920s] INFO:colcon.colcon_core.shell:Creating environment descriptor '/home/kaymarrr/Carver_Simulation/install/modelo_robot/share/modelo_robot/hook/ament_prefix_path.dsv'
[6.921s] INFO:colcon.colcon_core.shell:Creating environment hook '/home/kaymarrr/Carver_Simulation/install/modelo_robot/share/modelo_robot/hook/ament_prefix_path.sh'
[6.992s] INFO:colcon.colcon_core.shell:Skip shell extension 'powershell' for command environment: Not usable outside of PowerShell
[6.992s] DEBUG:colcon.colcon_core.shell:Skip shell extension 'dsv' for command environment
[9.413s] INFO:colcon.colcon_core.task.python.build:Building Python package in '/home/kaymarrr/Carver_Simulation/src/modelo_robot'
[9.481s] INFO:colcon.colcon_core.shell:Skip shell extension 'powershell' for command environment: Not usable outside of PowerShell
[9.481s] DEBUG:colcon.colcon_core.shell:Skip shell extension 'dsv' for command environment
[12.337s] DEBUG:colcon.colcon_core.event_handler.log_command:Invoking command in '/home/kaymarrr/Carver_Simulation/src/modelo_robot': PYTHONPATH=/home/kaymarrr/Carver_Simulation/build/modelo_robot/prefix_override:/home/kaymarrr/Carver_Simulation/install/modelo_robot/lib/python3.10/site-packages:${PYTHONPATH} /usr/bin/python3 setup.py egg_info --egg-base ../../build/modelo_robot build --build-base /home/kaymarrr/Carver_Simulation/build/modelo_robot/build install --record /home/kaymarrr/Carver_Simulation/build/modelo_robot/install.log --single-version-externally-managed
[13.661s] DEBUG:colcon.colcon_core.event_handler.log_command:Invoked command in '/home/kaymarrr/Carver_Simulation/src/modelo_robot' returned '0': PYTHONPATH=/home/kaymarrr/Carver_Simulation/build/modelo_robot/prefix_override:/home/kaymarrr/Carver_Simulation/install/modelo_robot/lib/python3.10/site-packages:${PYTHONPATH} /usr/bin/python3 setup.py egg_info --egg-base ../../build/modelo_robot build --build-base /home/kaymarrr/Carver_Simulation/build/modelo_robot/build install --record /home/kaymarrr/Carver_Simulation/build/modelo_robot/install.log --single-version-externally-managed
[13.718s] Level 1:colcon.colcon_core.environment:checking '/home/kaymarrr/Carver_Simulation/install/modelo_robot' for CMake module files
[13.720s] Level 1:colcon.colcon_core.environment:checking '/home/kaymarrr/Carver_Simulation/install/modelo_robot' for CMake config files
[13.721s] Level 1:colcon.colcon_core.environment:checking '/home/kaymarrr/Carver_Simulation/install/modelo_robot/lib'
[13.721s] Level 1:colcon.colcon_core.environment:checking '/home/kaymarrr/Carver_Simulation/install/modelo_robot/bin'
[13.721s] Level 1:colcon.colcon_core.environment:checking '/home/kaymarrr/Carver_Simulation/install/modelo_robot/lib/pkgconfig/modelo_robot.pc'
[13.722s] Level 1:colcon.colcon_core.environment:checking '/home/kaymarrr/Carver_Simulation/install/modelo_robot/lib/python3.10/site-packages'
[13.722s] Level 1:colcon.colcon_core.shell:create_environment_hook('modelo_robot', 'pythonpath')
[13.788s] INFO:colcon.colcon_core.shell:Creating environment hook '/home/kaymarrr/Carver_Simulation/install/modelo_robot/share/modelo_robot/hook/pythonpath.ps1'
[13.789s] INFO:colcon.colcon_core.shell:Creating environment descriptor '/home/kaymarrr/Carver_Simulation/install/modelo_robot/share/modelo_robot/hook/pythonpath.dsv'
[13.789s] INFO:colcon.colcon_core.shell:Creating environment hook '/home/kaymarrr/Carver_Simulation/install/modelo_robot/share/modelo_robot/hook/pythonpath.sh'
[13.790s] Level 1:colcon.colcon_core.environment:checking '/home/kaymarrr/Carver_Simulation/install/modelo_robot/bin'
[13.790s] Level 1:colcon.colcon_core.environment:create_environment_scripts_only(modelo_robot)
[13.855s] INFO:colcon.colcon_core.shell:Creating package script '/home/kaymarrr/Carver_Simulation/install/modelo_robot/share/modelo_robot/package.ps1'
[13.857s] INFO:colcon.colcon_core.shell:Creating package descriptor '/home/kaymarrr/Carver_Simulation/install/modelo_robot/share/modelo_robot/package.dsv'
[13.858s] INFO:colcon.colcon_core.shell:Creating package script '/home/kaymarrr/Carver_Simulation/install/modelo_robot/share/modelo_robot/package.sh'
[13.859s] INFO:colcon.colcon_core.shell:Creating package script '/home/kaymarrr/Carver_Simulation/install/modelo_robot/share/modelo_robot/package.bash'
[13.860s] INFO:colcon.colcon_core.shell:Creating package script '/home/kaymarrr/Carver_Simulation/install/modelo_robot/share/modelo_robot/package.zsh'
[13.862s] Level 1:colcon.colcon_core.environment:create_file_with_runtime_dependencies(/home/kaymarrr/Carver_Simulation/install/modelo_robot/share/colcon-core/packages/modelo_robot)
[13.864s] DEBUG:colcon.colcon_parallel_executor.executor.parallel:closing loop
[13.864s] DEBUG:colcon.colcon_parallel_executor.executor.parallel:loop closed
[13.864s] DEBUG:colcon.colcon_parallel_executor.executor.parallel:run_until_complete finished with '0'
[13.864s] DEBUG:colcon.colcon_core.event_reactor:joining thread
[13.952s] INFO:colcon.colcon_core.plugin_system:Skipping extension 'colcon_notification.desktop_notification.terminal_notifier': Not used on non-Darwin systems
[13.952s] INFO:colcon.colcon_core.plugin_system:Skipping extension 'colcon_notification.desktop_notification.win32': Not used on non-Windows systems
[13.952s] INFO:colcon.colcon_notification.desktop_notification:Sending desktop notification using 'notify2'
[13.975s] DEBUG:colcon.colcon_core.event_reactor:joined thread
[14.040s] INFO:colcon.colcon_core.shell:Creating prefix script '/home/kaymarrr/Carver_Simulation/install/local_setup.ps1'
[14.041s] INFO:colcon.colcon_core.shell:Creating prefix util module '/home/kaymarrr/Carver_Simulation/install/_local_setup_util_ps1.py'
[14.044s] INFO:colcon.colcon_core.shell:Creating prefix chain script '/home/kaymarrr/Carver_Simulation/install/setup.ps1'
[14.130s] INFO:colcon.colcon_core.shell:Creating prefix script '/home/kaymarrr/Carver_Simulation/install/local_setup.sh'
[14.131s] INFO:colcon.colcon_core.shell:Creating prefix util module '/home/kaymarrr/Carver_Simulation/install/_local_setup_util_sh.py'
[14.131s] INFO:colcon.colcon_core.shell:Creating prefix chain script '/home/kaymarrr/Carver_Simulation/install/setup.sh'
[14.217s] INFO:colcon.colcon_core.shell:Creating prefix script '/home/kaymarrr/Carver_Simulation/install/local_setup.bash'
[14.218s] INFO:colcon.colcon_core.shell:Creating prefix chain script '/home/kaymarrr/Carver_Simulation/install/setup.bash'
[14.303s] INFO:colcon.colcon_core.shell:Creating prefix script '/home/kaymarrr/Carver_Simulation/install/local_setup.zsh'
[14.304s] INFO:colcon.colcon_core.shell:Creating prefix chain script '/home/kaymarrr/Carver_Simulation/install/setup.zsh'
