[0.805s] Invoking command in '/home/blackcayonbee/Carver_Simulation/src/modelo_robot': PYTHONPATH=/home/blackcayonbee/Carver_Simulation/build/modelo_robot/prefix_override:/home/blackcayonbee/Carver_Simulation/install/modelo_robot/lib/python3.10/site-packages:${PYTHONPATH} /usr/bin/python3 setup.py egg_info --egg-base ../../build/modelo_robot build --build-base /home/blackcayonbee/Carver_Simulation/build/modelo_robot/build install --record /home/blackcayonbee/Carver_Simulation/build/modelo_robot/install.log --install-scripts $base/lib/modelo_robot --single-version-externally-managed
[0.991s] /usr/lib/python3/dist-packages/setuptools/dist.py:723: UserWarning: Usage of dash-separated 'script-dir' will not be supported in future versions. Please use the underscore name 'script_dir' instead
[0.991s]   warnings.warn(
[0.996s] running egg_info
[0.996s] writing ../../build/modelo_robot/modelo_robot.egg-info/PKG-INFO
[1.004s] writing dependency_links to ../../build/modelo_robot/modelo_robot.egg-info/dependency_links.txt
[1.004s] writing entry points to ../../build/modelo_robot/modelo_robot.egg-info/entry_points.txt
[1.004s] writing requirements to ../../build/modelo_robot/modelo_robot.egg-info/requires.txt
[1.004s] writing top-level names to ../../build/modelo_robot/modelo_robot.egg-info/top_level.txt
[1.005s] reading manifest file '../../build/modelo_robot/modelo_robot.egg-info/SOURCES.txt'
[1.006s] writing manifest file '../../build/modelo_robot/modelo_robot.egg-info/SOURCES.txt'
[1.006s] running build
[1.006s] running build_py
[1.006s] running install
[1.007s] /usr/lib/python3/dist-packages/setuptools/command/install.py:34: SetuptoolsDeprecationWarning: setup.py install is deprecated. Use build and pip and other standards-based tools.
[1.007s]   warnings.warn(
[1.007s] running install_lib
[1.008s] running install_data
[1.009s] running install_egg_info
[1.010s] removing '/home/blackcayonbee/Carver_Simulation/install/modelo_robot/lib/python3.10/site-packages/modelo_robot-0.0.0-py3.10.egg-info' (and everything under it)
[1.011s] Copying ../../build/modelo_robot/modelo_robot.egg-info to /home/blackcayonbee/Carver_Simulation/install/modelo_robot/lib/python3.10/site-packages/modelo_robot-0.0.0-py3.10.egg-info
[1.011s] running install_scripts
[1.027s] writing list of installed files to '/home/blackcayonbee/Carver_Simulation/build/modelo_robot/install.log'
[1.044s] Invoked command in '/home/blackcayonbee/Carver_Simulation/src/modelo_robot' returned '0': PYTHONPATH=/home/blackcayonbee/Carver_Simulation/build/modelo_robot/prefix_override:/home/blackcayonbee/Carver_Simulation/install/modelo_robot/lib/python3.10/site-packages:${PYTHONPATH} /usr/bin/python3 setup.py egg_info --egg-base ../../build/modelo_robot build --build-base /home/blackcayonbee/Carver_Simulation/build/modelo_robot/build install --record /home/blackcayonbee/Carver_Simulation/build/modelo_robot/install.log --install-scripts $base/lib/modelo_robot --single-version-externally-managed
